Vivado Simulator 2019.2
Copyright 1986-1999, 2001-2019 Xilinx, Inc. All Rights Reserved.
Running: C:/Xilinx/Vivado/2019.2/bin/unwrapped/win64.o/xelab.exe -wto 0f029531293a49a590ac6d7848b13918 --incr --debug typical --relax --mt 2 -L xil_defaultlib -L unisims_ver -L unimacro_ver -L secureip -L xpm --snapshot top_level_tb_behav xil_defaultlib.top_level_tb xil_defaultlib.glbl -log elaborate.log 
Using 2 slave threads.
Starting static elaboration
Pass Through NonSizing Optimizer
Completed static elaboration
Starting simulation data flow analysis
Completed simulation data flow analysis
Time Resolution for simulation is 1ps
Compiling package std.standard
Compiling package std.textio
Compiling package ieee.std_logic_1164
Compiling package ieee.numeric_std
Compiling package vl.vl_types
Compiling module xil_defaultlib.glbl
Compiling module unisims_ver.IBUF
Compiling module unisims_ver.MMCME2_ADV(CLKFBOUT_MULT_F=37.12...
Compiling module unisims_ver.BUFG
Compiling module xil_defaultlib.clk_wiz_0_clk_wiz
Compiling module xil_defaultlib.clk_wiz_0
Compiling architecture behavioral of entity xil_defaultlib.CAMERA_INTERFACE [camera_interface_default]
Compiling architecture behavioral of entity xil_defaultlib.FRAME_BUFFER [frame_buffer_default]
Compiling architecture behavioral of entity xil_defaultlib.VGA_CONTROLLER [vga_controller_default]
Compiling architecture behavioral of entity xil_defaultlib.TOP_LEVEL [top_level_default]
Compiling architecture behavioral of entity xil_defaultlib.top_level_tb
Built simulation snapshot top_level_tb_behav
