
*** Running vivado
    with args -log VGA_CONTROLLER.vds -m64 -product Vivado -mode batch -messageDb vivado.pb -notrace -source VGA_CONTROLLER.tcl


****** Vivado v2019.2 (64-bit)
  **** SW Build 2708876 on Wed Nov  6 21:40:23 MST 2019
  **** IP Build 2700528 on Thu Nov  7 00:09:20 MST 2019
    ** Copyright 1986-2019 Xilinx, Inc. All Rights Reserved.

source VGA_CONTROLLER.tcl -notrace
Command: synth_design -top VGA_CONTROLLER -part xc7a100tcsg324-1
Starting synth_design
Attempting to get a license for feature 'Synthesis' and/or device 'xc7a100t'
INFO: [Common 17-349] Got license for feature 'Synthesis' and/or device 'xc7a100t'
INFO: [Device 21-403] Loading part xc7a100tcsg324-1
INFO: Launching helper process for spawning children vivado processes
INFO: Helper process launched with PID 4360 
---------------------------------------------------------------------------------
Starting RTL Elaboration : Time (s): cpu = 00:00:02 ; elapsed = 00:00:02 . Memory (MB): peak = 1007.508 ; gain = 234.273
---------------------------------------------------------------------------------
INFO: [Synth 8-638] synthesizing module 'VGA_CONTROLLER' [C:/Users/idowe/myProjects/FPGA-image-interpolator/IMAGE_INTERPOLATION/IMAGE_INTERPOLATION.srcs/sources_1/new/VGA_CONTROLLER.vhd:39]
INFO: [Synth 8-3491] module 'clk_wiz_0' declared at 'C:/Users/idowe/myProjects/FPGA-image-interpolator/IMAGE_INTERPOLATION/IMAGE_INTERPOLATION.runs/synth_1/.Xil/Vivado-2660-Ido/realtime/clk_wiz_0_stub.vhdl:5' bound to instance 'MMCM_inst' of component 'clk_wiz_0' [C:/Users/idowe/myProjects/FPGA-image-interpolator/IMAGE_INTERPOLATION/IMAGE_INTERPOLATION.srcs/sources_1/new/VGA_CONTROLLER.vhd:82]
INFO: [Synth 8-638] synthesizing module 'clk_wiz_0' [C:/Users/idowe/myProjects/FPGA-image-interpolator/IMAGE_INTERPOLATION/IMAGE_INTERPOLATION.runs/synth_1/.Xil/Vivado-2660-Ido/realtime/clk_wiz_0_stub.vhdl:15]
INFO: [Synth 8-256] done synthesizing module 'VGA_CONTROLLER' (1#1) [C:/Users/idowe/myProjects/FPGA-image-interpolator/IMAGE_INTERPOLATION/IMAGE_INTERPOLATION.srcs/sources_1/new/VGA_CONTROLLER.vhd:39]
WARNING: [Synth 8-3331] design VGA_CONTROLLER has unconnected port BTN[4]
WARNING: [Synth 8-3331] design VGA_CONTROLLER has unconnected port BTN[3]
WARNING: [Synth 8-3331] design VGA_CONTROLLER has unconnected port BTN[2]
WARNING: [Synth 8-3331] design VGA_CONTROLLER has unconnected port BTN[1]
WARNING: [Synth 8-3331] design VGA_CONTROLLER has unconnected port BTN[0]
---------------------------------------------------------------------------------
Finished RTL Elaboration : Time (s): cpu = 00:00:03 ; elapsed = 00:00:03 . Memory (MB): peak = 1081.020 ; gain = 307.785
---------------------------------------------------------------------------------

Report Check Netlist: 
+------+------------------+-------+---------+-------+------------------+
|      |Item              |Errors |Warnings |Status |Description       |
+------+------------------+-------+---------+-------+------------------+
|1     |multi_driven_nets |      0|        0|Passed |Multi driven nets |
+------+------------------+-------+---------+-------+------------------+
---------------------------------------------------------------------------------
Start Handling Custom Attributes
---------------------------------------------------------------------------------
---------------------------------------------------------------------------------
Finished Handling Custom Attributes : Time (s): cpu = 00:00:03 ; elapsed = 00:00:03 . Memory (MB): peak = 1081.020 ; gain = 307.785
---------------------------------------------------------------------------------
---------------------------------------------------------------------------------
Finished RTL Optimization Phase 1 : Time (s): cpu = 00:00:03 ; elapsed = 00:00:03 . Memory (MB): peak = 1081.020 ; gain = 307.785
---------------------------------------------------------------------------------
Netlist sorting complete. Time (s): cpu = 00:00:00 ; elapsed = 00:00:00 . Memory (MB): peak = 1081.020 ; gain = 0.000
INFO: [Project 1-570] Preparing netlist for logic optimization

Processing XDC Constraints
Initializing timing engine
Parsing XDC File [c:/Users/idowe/myProjects/FPGA-image-interpolator/IMAGE_INTERPOLATION/IMAGE_INTERPOLATION.srcs/sources_1/ip/clk_wiz_0/clk_wiz_0/clk_wiz_0_in_context.xdc] for cell 'MMCM_inst'
Finished Parsing XDC File [c:/Users/idowe/myProjects/FPGA-image-interpolator/IMAGE_INTERPOLATION/IMAGE_INTERPOLATION.srcs/sources_1/ip/clk_wiz_0/clk_wiz_0/clk_wiz_0_in_context.xdc] for cell 'MMCM_inst'
Parsing XDC File [C:/Users/idowe/myProjects/FPGA-image-interpolator/IMAGE_INTERPOLATION/IMAGE_INTERPOLATION.srcs/constrs_1/new/NEXYS_A7.xdc]
WARNING: [Vivado 12-584] No ports matched 'reset'. [C:/Users/idowe/myProjects/FPGA-image-interpolator/IMAGE_INTERPOLATION/IMAGE_INTERPOLATION.srcs/constrs_1/new/NEXYS_A7.xdc:74]
Finished Parsing XDC File [C:/Users/idowe/myProjects/FPGA-image-interpolator/IMAGE_INTERPOLATION/IMAGE_INTERPOLATION.srcs/constrs_1/new/NEXYS_A7.xdc]
WARNING: [Project 1-498] One or more constraints failed evaluation while reading constraint file [C:/Users/idowe/myProjects/FPGA-image-interpolator/IMAGE_INTERPOLATION/IMAGE_INTERPOLATION.srcs/constrs_1/new/NEXYS_A7.xdc] and the design contains unresolved black boxes. These constraints will be read post-synthesis (as long as their source constraint file is marked as used_in_implementation) and should be applied correctly then. You should review the constraints listed in the file [.Xil/VGA_CONTROLLER_propImpl.xdc] and check the run log file to verify that these constraints were correctly applied.
INFO: [Project 1-236] Implementation specific constraints were found while reading constraint file [C:/Users/idowe/myProjects/FPGA-image-interpolator/IMAGE_INTERPOLATION/IMAGE_INTERPOLATION.srcs/constrs_1/new/NEXYS_A7.xdc]. These constraints will be ignored for synthesis but will be used in implementation. Impacted constraints are listed in the file [.Xil/VGA_CONTROLLER_propImpl.xdc].
Resolution: To avoid this warning, move constraints listed in [.Xil/VGA_CONTROLLER_propImpl.xdc] to another XDC file and exclude this new file from synthesis with the used_in_synthesis property (File Properties dialog in GUI) and re-run elaboration/synthesis.
Completed Processing XDC Constraints

Netlist sorting complete. Time (s): cpu = 00:00:00 ; elapsed = 00:00:00 . Memory (MB): peak = 1158.070 ; gain = 0.000
INFO: [Project 1-111] Unisim Transformation Summary:
No Unisim elements were transformed.

Constraint Validation Runtime : Time (s): cpu = 00:00:00 ; elapsed = 00:00:00.003 . Memory (MB): peak = 1158.070 ; gain = 0.000
---------------------------------------------------------------------------------
Finished Constraint Validation : Time (s): cpu = 00:00:07 ; elapsed = 00:00:07 . Memory (MB): peak = 1158.070 ; gain = 384.836
---------------------------------------------------------------------------------
---------------------------------------------------------------------------------
Start Loading Part and Timing Information
---------------------------------------------------------------------------------
Loading part: xc7a100tcsg324-1
---------------------------------------------------------------------------------
Finished Loading Part and Timing Information : Time (s): cpu = 00:00:07 ; elapsed = 00:00:07 . Memory (MB): peak = 1158.070 ; gain = 384.836
---------------------------------------------------------------------------------
---------------------------------------------------------------------------------
Start Applying 'set_property' XDC Constraints
---------------------------------------------------------------------------------
Applied set_property IO_BUFFER_TYPE = NONE for CLK. (constraint file  c:/Users/idowe/myProjects/FPGA-image-interpolator/IMAGE_INTERPOLATION/IMAGE_INTERPOLATION.srcs/sources_1/ip/clk_wiz_0/clk_wiz_0/clk_wiz_0_in_context.xdc, line 3).
Applied set_property CLOCK_BUFFER_TYPE = NONE for CLK. (constraint file  c:/Users/idowe/myProjects/FPGA-image-interpolator/IMAGE_INTERPOLATION/IMAGE_INTERPOLATION.srcs/sources_1/ip/clk_wiz_0/clk_wiz_0/clk_wiz_0_in_context.xdc, line 4).
Applied set_property DONT_TOUCH = true for MMCM_inst. (constraint file  auto generated constraint, line ).
---------------------------------------------------------------------------------
Finished applying 'set_property' XDC Constraints : Time (s): cpu = 00:00:07 ; elapsed = 00:00:07 . Memory (MB): peak = 1158.070 ; gain = 384.836
---------------------------------------------------------------------------------
---------------------------------------------------------------------------------
Finished RTL Optimization Phase 2 : Time (s): cpu = 00:00:07 ; elapsed = 00:00:07 . Memory (MB): peak = 1158.070 ; gain = 384.836
---------------------------------------------------------------------------------

Report RTL Partitions: 
+-+--------------+------------+----------+
| |RTL Partition |Replication |Instances |
+-+--------------+------------+----------+
+-+--------------+------------+----------+
---------------------------------------------------------------------------------
Start RTL Component Statistics 
---------------------------------------------------------------------------------
Detailed RTL Component Info : 
+---Adders : 
	   2 Input     12 Bit       Adders := 1     
	   2 Input     11 Bit       Adders := 1     
+---Registers : 
	               12 Bit    Registers := 1     
	               11 Bit    Registers := 1     
+---Muxes : 
	   2 Input     12 Bit        Muxes := 1     
	   2 Input     11 Bit        Muxes := 1     
	   2 Input      4 Bit        Muxes := 3     
---------------------------------------------------------------------------------
Finished RTL Component Statistics 
---------------------------------------------------------------------------------
---------------------------------------------------------------------------------
Start RTL Hierarchical Component Statistics 
---------------------------------------------------------------------------------
Hierarchical RTL Component report 
Module VGA_CONTROLLER 
Detailed RTL Component Info : 
+---Adders : 
	   2 Input     12 Bit       Adders := 1     
	   2 Input     11 Bit       Adders := 1     
+---Registers : 
	               12 Bit    Registers := 1     
	               11 Bit    Registers := 1     
+---Muxes : 
	   2 Input     12 Bit        Muxes := 1     
	   2 Input     11 Bit        Muxes := 1     
	   2 Input      4 Bit        Muxes := 3     
---------------------------------------------------------------------------------
Finished RTL Hierarchical Component Statistics
---------------------------------------------------------------------------------
---------------------------------------------------------------------------------
Start Part Resource Summary
---------------------------------------------------------------------------------
Part Resources:
DSPs: 240 (col length:80)
BRAMs: 270 (col length: RAMB18 80 RAMB36 40)
---------------------------------------------------------------------------------
Finished Part Resource Summary
---------------------------------------------------------------------------------
---------------------------------------------------------------------------------
Start Cross Boundary and Area Optimization
---------------------------------------------------------------------------------
Warning: Parallel synthesis criteria is not met 
WARNING: [Synth 8-3331] design VGA_CONTROLLER has unconnected port BTN[4]
WARNING: [Synth 8-3331] design VGA_CONTROLLER has unconnected port BTN[3]
WARNING: [Synth 8-3331] design VGA_CONTROLLER has unconnected port BTN[2]
WARNING: [Synth 8-3331] design VGA_CONTROLLER has unconnected port BTN[1]
WARNING: [Synth 8-3331] design VGA_CONTROLLER has unconnected port BTN[0]
---------------------------------------------------------------------------------
Finished Cross Boundary and Area Optimization : Time (s): cpu = 00:00:08 ; elapsed = 00:00:08 . Memory (MB): peak = 1158.070 ; gain = 384.836
---------------------------------------------------------------------------------

Report RTL Partitions: 
+-+--------------+------------+----------+
| |RTL Partition |Replication |Instances |
+-+--------------+------------+----------+
+-+--------------+------------+----------+
---------------------------------------------------------------------------------
Start Applying XDC Timing Constraints
---------------------------------------------------------------------------------
---------------------------------------------------------------------------------
Finished Applying XDC Timing Constraints : Time (s): cpu = 00:00:12 ; elapsed = 00:00:13 . Memory (MB): peak = 1158.105 ; gain = 384.871
---------------------------------------------------------------------------------
---------------------------------------------------------------------------------
Start Timing Optimization
---------------------------------------------------------------------------------
---------------------------------------------------------------------------------
Finished Timing Optimization : Time (s): cpu = 00:00:12 ; elapsed = 00:00:13 . Memory (MB): peak = 1178.883 ; gain = 405.648
---------------------------------------------------------------------------------

Report RTL Partitions: 
+-+--------------+------------+----------+
| |RTL Partition |Replication |Instances |
+-+--------------+------------+----------+
+-+--------------+------------+----------+
---------------------------------------------------------------------------------
Start Technology Mapping
---------------------------------------------------------------------------------
---------------------------------------------------------------------------------
Finished Technology Mapping : Time (s): cpu = 00:00:12 ; elapsed = 00:00:13 . Memory (MB): peak = 1179.598 ; gain = 406.363
---------------------------------------------------------------------------------

Report RTL Partitions: 
+-+--------------+------------+----------+
| |RTL Partition |Replication |Instances |
+-+--------------+------------+----------+
+-+--------------+------------+----------+
---------------------------------------------------------------------------------
Start IO Insertion
---------------------------------------------------------------------------------
---------------------------------------------------------------------------------
Start Flattening Before IO Insertion
---------------------------------------------------------------------------------
---------------------------------------------------------------------------------
Finished Flattening Before IO Insertion
---------------------------------------------------------------------------------
---------------------------------------------------------------------------------
Start Final Netlist Cleanup
---------------------------------------------------------------------------------
---------------------------------------------------------------------------------
Finished Final Netlist Cleanup
---------------------------------------------------------------------------------
---------------------------------------------------------------------------------
Finished IO Insertion : Time (s): cpu = 00:00:14 ; elapsed = 00:00:15 . Memory (MB): peak = 1184.398 ; gain = 411.164
---------------------------------------------------------------------------------
---------------------------------------------------------------------------------
Start Renaming Generated Instances
---------------------------------------------------------------------------------
---------------------------------------------------------------------------------
Finished Renaming Generated Instances : Time (s): cpu = 00:00:14 ; elapsed = 00:00:15 . Memory (MB): peak = 1184.398 ; gain = 411.164
---------------------------------------------------------------------------------

Report RTL Partitions: 
+-+--------------+------------+----------+
| |RTL Partition |Replication |Instances |
+-+--------------+------------+----------+
+-+--------------+------------+----------+

Report Check Netlist: 
+------+------------------+-------+---------+-------+------------------+
|      |Item              |Errors |Warnings |Status |Description       |
+------+------------------+-------+---------+-------+------------------+
|1     |multi_driven_nets |      0|        0|Passed |Multi driven nets |
+------+------------------+-------+---------+-------+------------------+
---------------------------------------------------------------------------------
Start Rebuilding User Hierarchy
---------------------------------------------------------------------------------
---------------------------------------------------------------------------------
Finished Rebuilding User Hierarchy : Time (s): cpu = 00:00:14 ; elapsed = 00:00:15 . Memory (MB): peak = 1184.398 ; gain = 411.164
---------------------------------------------------------------------------------
---------------------------------------------------------------------------------
Start Renaming Generated Ports
---------------------------------------------------------------------------------
---------------------------------------------------------------------------------
Finished Renaming Generated Ports : Time (s): cpu = 00:00:14 ; elapsed = 00:00:15 . Memory (MB): peak = 1184.398 ; gain = 411.164
---------------------------------------------------------------------------------
---------------------------------------------------------------------------------
Start Handling Custom Attributes
---------------------------------------------------------------------------------
---------------------------------------------------------------------------------
Finished Handling Custom Attributes : Time (s): cpu = 00:00:14 ; elapsed = 00:00:15 . Memory (MB): peak = 1184.398 ; gain = 411.164
---------------------------------------------------------------------------------
---------------------------------------------------------------------------------
Start Renaming Generated Nets
---------------------------------------------------------------------------------
---------------------------------------------------------------------------------
Finished Renaming Generated Nets : Time (s): cpu = 00:00:14 ; elapsed = 00:00:15 . Memory (MB): peak = 1184.398 ; gain = 411.164
---------------------------------------------------------------------------------
---------------------------------------------------------------------------------
Start Writing Synthesis Report
---------------------------------------------------------------------------------

Report BlackBoxes: 
+------+--------------+----------+
|      |BlackBox name |Instances |
+------+--------------+----------+
|1     |clk_wiz_0     |         1|
+------+--------------+----------+

Report Cell Usage: 
+------+-----------------+------+
|      |Cell             |Count |
+------+-----------------+------+
|1     |clk_wiz_0_bbox_0 |     1|
|2     |CARRY4           |     4|
|3     |LUT1             |     2|
|4     |LUT2             |     7|
|5     |LUT3             |     5|
|6     |LUT4             |     5|
|7     |LUT5             |     5|
|8     |LUT6             |    22|
|9     |FDRE             |    23|
|10    |IBUF             |    16|
|11    |OBUF             |    30|
+------+-----------------+------+

Report Instance Areas: 
+------+---------+-------+------+
|      |Instance |Module |Cells |
+------+---------+-------+------+
|1     |top      |       |   121|
+------+---------+-------+------+
---------------------------------------------------------------------------------
Finished Writing Synthesis Report : Time (s): cpu = 00:00:14 ; elapsed = 00:00:15 . Memory (MB): peak = 1184.398 ; gain = 411.164
---------------------------------------------------------------------------------
Synthesis finished with 0 errors, 0 critical warnings and 5 warnings.
Synthesis Optimization Runtime : Time (s): cpu = 00:00:09 ; elapsed = 00:00:13 . Memory (MB): peak = 1184.398 ; gain = 334.113
Synthesis Optimization Complete : Time (s): cpu = 00:00:14 ; elapsed = 00:00:15 . Memory (MB): peak = 1184.398 ; gain = 411.164
INFO: [Project 1-571] Translating synthesized netlist
Netlist sorting complete. Time (s): cpu = 00:00:00 ; elapsed = 00:00:00 . Memory (MB): peak = 1190.273 ; gain = 0.000
INFO: [Netlist 29-17] Analyzing 4 Unisim elements for replacement
INFO: [Netlist 29-28] Unisim Transformation completed in 0 CPU seconds
INFO: [Project 1-570] Preparing netlist for logic optimization
INFO: [Opt 31-138] Pushed 0 inverter(s) to 0 load pin(s).
Netlist sorting complete. Time (s): cpu = 00:00:00 ; elapsed = 00:00:00 . Memory (MB): peak = 1200.539 ; gain = 0.000
INFO: [Project 1-111] Unisim Transformation Summary:
No Unisim elements were transformed.

INFO: [Common 17-83] Releasing license: Synthesis
16 Infos, 12 Warnings, 0 Critical Warnings and 0 Errors encountered.
synth_design completed successfully
synth_design: Time (s): cpu = 00:00:17 ; elapsed = 00:00:18 . Memory (MB): peak = 1200.539 ; gain = 710.691
Netlist sorting complete. Time (s): cpu = 00:00:00 ; elapsed = 00:00:00 . Memory (MB): peak = 1200.539 ; gain = 0.000
WARNING: [Constraints 18-5210] No constraints selected for write.
Resolution: This message can indicate that there are no constraints for the design, or it can indicate that the used_in flags are set such that the constraints are ignored. This later case is used when running synth_design to not write synthesis constraints to the resulting checkpoint. Instead, project constraints are read when the synthesized design is opened.
INFO: [Common 17-1381] The checkpoint 'C:/Users/idowe/myProjects/FPGA-image-interpolator/IMAGE_INTERPOLATION/IMAGE_INTERPOLATION.runs/synth_1/VGA_CONTROLLER.dcp' has been generated.
INFO: [runtcl-4] Executing : report_utilization -file VGA_CONTROLLER_utilization_synth.rpt -pb VGA_CONTROLLER_utilization_synth.pb
INFO: [Common 17-206] Exiting Vivado at Sun Apr  6 23:51:14 2025...
