Copyright 1986-2019 Xilinx, Inc. All Rights Reserved.
------------------------------------------------------------------------------------
| Tool Version : Vivado v.2019.2 (win64) Build 2708876 Wed Nov  6 21:40:23 MST 2019
| Date         : Mon Mar 31 16:32:52 2025
| Host         : Ido running 64-bit major release  (build 9200)
| Command      : report_control_sets -verbose -file UART_RX_control_sets_placed.rpt
| Design       : UART_RX
| Device       : xc7a100t
------------------------------------------------------------------------------------

Control Set Information

Table of Contents
-----------------
1. Summary
2. Histogram
3. Flip-Flop Distribution
4. Detailed Control Set Information

1. Summary
----------

+----------------------------------------------------------+-------+
|                          Status                          | Count |
+----------------------------------------------------------+-------+
| Total control sets                                       |    11 |
|    Minimum number of control sets                        |    11 |
|    Addition due to synthesis replication                 |     0 |
|    Addition due to physical synthesis replication        |     0 |
| Unused register locations in slices containing registers |    65 |
+----------------------------------------------------------+-------+
* Control sets can be merged at opt_design using control_set_merge or merge_equivalent_drivers
** Run report_qor_suggestions for automated merging and remapping suggestions


2. Histogram
------------

+--------------------+-------+
|       Fanout       | Count |
+--------------------+-------+
| Total control sets |    11 |
| >= 0 to < 4        |     9 |
| >= 4 to < 6        |     0 |
| >= 6 to < 8        |     1 |
| >= 8 to < 10       |     1 |
| >= 10 to < 12      |     0 |
| >= 12 to < 14      |     0 |
| >= 14 to < 16      |     0 |
| >= 16              |     0 |
+--------------------+-------+
* Control sets can be remapped at either synth_design or opt_design


3. Flip-Flop Distribution
-------------------------

+--------------+-----------------------+------------------------+-----------------+--------------+
| Clock Enable | Synchronous Set/Reset | Asynchronous Set/Reset | Total Registers | Total Slices |
+--------------+-----------------------+------------------------+-----------------+--------------+
| No           | No                    | No                     |               6 |            3 |
| No           | No                    | Yes                    |               0 |            0 |
| No           | Yes                   | No                     |               0 |            0 |
| Yes          | No                    | No                     |              17 |           13 |
| Yes          | No                    | Yes                    |               0 |            0 |
| Yes          | Yes                   | No                     |               0 |            0 |
+--------------+-----------------------+------------------------+-----------------+--------------+


4. Detailed Control Set Information
-----------------------------------

+------------------+------------------------+------------------+------------------+----------------+
|   Clock Signal   |      Enable Signal     | Set/Reset Signal | Slice Load Count | Bel Load Count |
+------------------+------------------------+------------------+------------------+----------------+
|  i_Clk_IBUF_BUFG | r_RX_Byte[5]_i_1_n_0   |                  |                1 |              1 |
|  i_Clk_IBUF_BUFG | r_RX_Byte[0]_i_1_n_0   |                  |                1 |              1 |
|  i_Clk_IBUF_BUFG | r_RX_Byte[1]_i_1_n_0   |                  |                1 |              1 |
|  i_Clk_IBUF_BUFG | r_RX_DV_i_1_n_0        |                  |                1 |              1 |
|  i_Clk_IBUF_BUFG | r_RX_Byte[7]_i_1_n_0   |                  |                1 |              1 |
|  i_Clk_IBUF_BUFG | r_RX_Byte[2]_i_1_n_0   |                  |                1 |              1 |
|  i_Clk_IBUF_BUFG | r_RX_Byte[3]_i_1_n_0   |                  |                1 |              1 |
|  i_Clk_IBUF_BUFG | r_RX_Byte[4]_i_1_n_0   |                  |                1 |              1 |
|  i_Clk_IBUF_BUFG | r_RX_Byte[6]_i_1_n_0   |                  |                1 |              1 |
|  i_Clk_IBUF_BUFG |                        |                  |                3 |              6 |
|  i_Clk_IBUF_BUFG | r_Clk_Count[7]_i_1_n_0 |                  |                4 |              8 |
+------------------+------------------------+------------------+------------------+----------------+


