Copyright 1986-2019 Xilinx, Inc. All Rights Reserved.
---------------------------------------------------------------------------------------------
| Tool Version : Vivado v.2019.2 (win64) Build 2708876 Wed Nov  6 21:40:23 MST 2019
| Date         : Sun May 18 17:46:27 2025
| Host         : Ido running 64-bit major release  (build 9200)
| Command      : report_control_sets -verbose -file design_1_wrapper_control_sets_placed.rpt
| Design       : design_1_wrapper
| Device       : xc7a100t
---------------------------------------------------------------------------------------------

Control Set Information

Table of Contents
-----------------
1. Summary
2. Histogram
3. Flip-Flop Distribution
4. Detailed Control Set Information

1. Summary
----------

+----------------------------------------------------------+-------+
|                          Status                          | Count |
+----------------------------------------------------------+-------+
| Total control sets                                       |    25 |
|    Minimum number of control sets                        |    25 |
|    Addition due to synthesis replication                 |     0 |
|    Addition due to physical synthesis replication        |     0 |
| Unused register locations in slices containing registers |    83 |
+----------------------------------------------------------+-------+
* Control sets can be merged at opt_design using control_set_merge or merge_equivalent_drivers
** Run report_qor_suggestions for automated merging and remapping suggestions


2. Histogram
------------

+--------------------+-------+
|       Fanout       | Count |
+--------------------+-------+
| Total control sets |    25 |
| >= 0 to < 4        |     0 |
| >= 4 to < 6        |     1 |
| >= 6 to < 8        |     1 |
| >= 8 to < 10       |     2 |
| >= 10 to < 12      |     3 |
| >= 12 to < 14      |     7 |
| >= 14 to < 16      |     1 |
| >= 16              |    10 |
+--------------------+-------+
* Control sets can be remapped at either synth_design or opt_design


3. Flip-Flop Distribution
-------------------------

+--------------+-----------------------+------------------------+-----------------+--------------+
| Clock Enable | Synchronous Set/Reset | Asynchronous Set/Reset | Total Registers | Total Slices |
+--------------+-----------------------+------------------------+-----------------+--------------+
| No           | No                    | No                     |              79 |           58 |
| No           | No                    | Yes                    |               0 |            0 |
| No           | Yes                   | No                     |              12 |            3 |
| Yes          | No                    | No                     |             130 |           60 |
| Yes          | No                    | Yes                    |               0 |            0 |
| Yes          | Yes                   | No                     |             184 |           51 |
+--------------+-----------------------+------------------------+-----------------+--------------+


4. Detailed Control Set Information
-----------------------------------

+---------------------------------------+----------------------------------------------------------------------------+-------------------------------------------------------------------------+------------------+----------------+
|              Clock Signal             |                                Enable Signal                               |                             Set/Reset Signal                            | Slice Load Count | Bel Load Count |
+---------------------------------------+----------------------------------------------------------------------------+-------------------------------------------------------------------------+------------------+----------------+
|  clk_in1_IBUF_BUFG                    | design_1_i/BILINEAR_INTERPOLATI_0/U0/row0                                  | design_1_i/BILINEAR_INTERPOLATI_0/U0/row[7]_i_1_n_0                     |                1 |              4 |
|  design_1_i/clk_wiz_0/inst/clk_vga    |                                                                            |                                                                         |                6 |              7 |
|  clk_in1_IBUF_BUFG                    | design_1_i/BILINEAR_INTERPOLATI_0/U0/col[8]_i_1_n_0                        |                                                                         |                7 |              8 |
|  design_1_i/clk_wiz_0/inst/clk_vga    | design_1_i/ov7670_controller_0/U0/Inst_ov7670_registers/busy_sr_reg[31][0] |                                                                         |                2 |              8 |
|  pclk_IBUF_BUFG                       | design_1_i/ovo_7670_caputre_0/U0/p_0_in_0                                  | design_1_i/ovo_7670_caputre_0/U0/counter_col[10]_i_1_n_0                |                3 |             11 |
|  pclk_IBUF_BUFG                       | design_1_i/ovo_7670_caputre_0/U0/counter_row0                              | camera_v_sync_IBUF                                                      |                4 |             11 |
|  design_1_i/clk_wiz_0/inst/clk_vga    | design_1_i/ov7670_controller_0/U0/Inst_SCCB_sender/busy_sr0                | design_1_i/ov7670_controller_0/U0/Inst_SCCB_sender/data_sr[30]_i_1_n_0  |                3 |             11 |
|  clk_in1_IBUF_BUFG                    | design_1_i/BILINEAR_INTERPOLATI_0/U0/p33[11]_i_1_n_0                       |                                                                         |                6 |             12 |
|  clk_in1_IBUF_BUFG                    | design_1_i/BILINEAR_INTERPOLATI_0/U0/p30[11]_i_1_n_0                       |                                                                         |                5 |             12 |
|  clk_in1_IBUF_BUFG                    | design_1_i/BILINEAR_INTERPOLATI_0/U0/CEC                                   |                                                                         |                4 |             12 |
|  clk_in1_IBUF_BUFG                    | design_1_i/BILINEAR_INTERPOLATI_0/U0/CEA2                                  |                                                                         |                4 |             12 |
|  design_1_i/clk_wiz_0/inst/clk_vga    |                                                                            | design_1_i/VGA_TOP_WITH_DATA_MUX/VGA_TOP_1/U0/vga_timing_inst/eqOp      |                3 |             12 |
|  design_1_i/clk_wiz_0/inst/clk_vga    | design_1_i/VGA_TOP_WITH_DATA_MUX/VGA_TOP_1/U0/vga_timing_inst/eqOp         | design_1_i/VGA_TOP_WITH_DATA_MUX/VGA_TOP_1/U0/vga_timing_inst/v_cnt_reg |                3 |             12 |
|  design_1_i/clk_wiz_0/inst/clk_vga    | design_1_i/VGA_TOP_WITH_DATA_MUX/VGA_TOP_1/U0/vga_timing_inst/E[0]         | design_1_i/VGA_TOP_WITH_DATA_MUX/VGA_TOP_1/U0/vga_timing_inst/cntl_0[0] |                5 |             12 |
|  pclk_IBUF_BUFG                       |                                                                            |                                                                         |               10 |             14 |
|  design_1_i/clk_wiz_0/inst/clk_vga    | design_1_i/ov7670_controller_0/U0/Inst_SCCB_sender/E[0]                    | design_1_i/cntl_0/U0/resend_out                                         |                5 |             16 |
|  clk_in1_IBUF_BUFG                    | design_1_i/BILINEAR_INTERPOLATI_0/U0/add_read[16]_i_1_n_0                  |                                                                         |               14 |             17 |
|  design_1_i/BRAM_MUX_0/U0/wr_clk_BUFG |                                                                            |                                                                         |               15 |             18 |
|  pclk_IBUF_BUFG                       | design_1_i/ovo_7670_caputre_0/U0/address                                   | camera_v_sync_IBUF                                                      |                5 |             19 |
|  design_1_i/clk_wiz_0/inst/clk_vga    | design_1_i/VGA_TOP_WITH_DATA_MUX/VGA_TOP_1/U0/vga_timing_inst/val_tmp      | design_1_i/VGA_TOP_WITH_DATA_MUX/VGA_TOP_1/U0/pixel_renderer_inst/SR[0] |                5 |             19 |
|  design_1_i/clk_wiz_0/inst/clk_vga    | design_1_i/ov7670_controller_0/U0/Inst_SCCB_sender/busy_sr0                |                                                                         |                4 |             21 |
|  pclk_IBUF_BUFG                       | design_1_i/ovo_7670_caputre_0/U0/p_0_in1_in                                |                                                                         |               14 |             28 |
|  design_1_i/clk_wiz_0/inst/clk_vga    | design_1_i/ov7670_controller_0/U0/Inst_SCCB_sender/busy_sr0                | design_1_i/ov7670_controller_0/U0/Inst_SCCB_sender/busy_sr[31]_i_1_n_0  |                7 |             31 |
|  design_1_i/clk_wiz_0/inst/clk_vga    | design_1_i/VGA_TOP_WITH_DATA_MUX/VGA_TOP_1/U0/vga_timing_inst/CO[0]        | design_1_i/VGA_TOP_WITH_DATA_MUX/VGA_TOP_1/U0/pixel_renderer_inst/SR[0] |               10 |             38 |
|  clk_in1_IBUF_BUFG                    |                                                                            |                                                                         |               27 |             40 |
+---------------------------------------+----------------------------------------------------------------------------+-------------------------------------------------------------------------+------------------+----------------+


