
*** Running vivado
    with args -log design_1_wrapper.vds -m64 -product Vivado -mode batch -messageDb vivado.pb -notrace -source design_1_wrapper.tcl


****** Vivado v2019.2 (64-bit)
  **** SW Build 2708876 on Wed Nov  6 21:40:23 MST 2019
  **** IP Build 2700528 on Thu Nov  7 00:09:20 MST 2019
    ** Copyright 1986-2019 Xilinx, Inc. All Rights Reserved.

source design_1_wrapper.tcl -notrace
INFO: [IP_Flow 19-234] Refreshing IP repositories
INFO: [IP_Flow 19-1704] No user IP repositories specified
INFO: [IP_Flow 19-2313] Loaded Vivado IP repository 'C:/Xilinx/Vivado/2019.2/data/ip'.
Command: synth_design -top design_1_wrapper -part xc7a100tcsg324-1
Starting synth_design
Attempting to get a license for feature 'Synthesis' and/or device 'xc7a100t'
INFO: [Common 17-349] Got license for feature 'Synthesis' and/or device 'xc7a100t'
INFO: [Device 21-403] Loading part xc7a100tcsg324-1
INFO: Launching helper process for spawning children vivado processes
INFO: Helper process launched with PID 28268 
---------------------------------------------------------------------------------
Starting RTL Elaboration : Time (s): cpu = 00:00:03 ; elapsed = 00:00:03 . Memory (MB): peak = 1009.480 ; gain = 234.059
---------------------------------------------------------------------------------
INFO: [Synth 8-638] synthesizing module 'design_1_wrapper' [C:/Users/idowe/myProjects/FPGA-image-interpolator/pmod_to_vga/pmod_to_vga.srcs/sources_1/bd/design_1/hdl/design_1_wrapper.vhd:32]
INFO: [Synth 8-3491] module 'design_1' declared at 'C:/Users/idowe/myProjects/FPGA-image-interpolator/pmod_to_vga/pmod_to_vga.srcs/sources_1/bd/design_1/synth/design_1.vhd:14' bound to instance 'design_1_i' of component 'design_1' [C:/Users/idowe/myProjects/FPGA-image-interpolator/pmod_to_vga/pmod_to_vga.srcs/sources_1/bd/design_1/hdl/design_1_wrapper.vhd:51]
INFO: [Synth 8-638] synthesizing module 'design_1' [C:/Users/idowe/myProjects/FPGA-image-interpolator/pmod_to_vga/pmod_to_vga.srcs/sources_1/bd/design_1/synth/design_1.vhd:36]
INFO: [Synth 8-3491] module 'design_1_blk_mem_gen_0_0' declared at 'C:/Users/idowe/myProjects/FPGA-image-interpolator/pmod_to_vga/pmod_to_vga.runs/synth_1/.Xil/Vivado-21036-Ido/realtime/design_1_blk_mem_gen_0_0_stub.vhdl:5' bound to instance 'blk_mem_gen_0' of component 'design_1_blk_mem_gen_0_0' [C:/Users/idowe/myProjects/FPGA-image-interpolator/pmod_to_vga/pmod_to_vga.srcs/sources_1/bd/design_1/synth/design_1.vhd:158]
INFO: [Synth 8-638] synthesizing module 'design_1_blk_mem_gen_0_0' [C:/Users/idowe/myProjects/FPGA-image-interpolator/pmod_to_vga/pmod_to_vga.runs/synth_1/.Xil/Vivado-21036-Ido/realtime/design_1_blk_mem_gen_0_0_stub.vhdl:18]
INFO: [Synth 8-3491] module 'design_1_clk_wiz_1_0' declared at 'C:/Users/idowe/myProjects/FPGA-image-interpolator/pmod_to_vga/pmod_to_vga.runs/synth_1/.Xil/Vivado-21036-Ido/realtime/design_1_clk_wiz_1_0_stub.vhdl:5' bound to instance 'clk_wiz_1' of component 'design_1_clk_wiz_1_0' [C:/Users/idowe/myProjects/FPGA-image-interpolator/pmod_to_vga/pmod_to_vga.srcs/sources_1/bd/design_1/synth/design_1.vhd:168]
INFO: [Synth 8-638] synthesizing module 'design_1_clk_wiz_1_0' [C:/Users/idowe/myProjects/FPGA-image-interpolator/pmod_to_vga/pmod_to_vga.runs/synth_1/.Xil/Vivado-21036-Ido/realtime/design_1_clk_wiz_1_0_stub.vhdl:15]
INFO: [Synth 8-3491] module 'design_1_cntl_0_0' declared at 'C:/Users/idowe/myProjects/FPGA-image-interpolator/pmod_to_vga/pmod_to_vga.runs/synth_1/.Xil/Vivado-21036-Ido/realtime/design_1_cntl_0_0_stub.vhdl:5' bound to instance 'cntl_0' of component 'design_1_cntl_0_0' [C:/Users/idowe/myProjects/FPGA-image-interpolator/pmod_to_vga/pmod_to_vga.srcs/sources_1/bd/design_1/synth/design_1.vhd:175]
INFO: [Synth 8-638] synthesizing module 'design_1_cntl_0_0' [C:/Users/idowe/myProjects/FPGA-image-interpolator/pmod_to_vga/pmod_to_vga.runs/synth_1/.Xil/Vivado-21036-Ido/realtime/design_1_cntl_0_0_stub.vhdl:16]
INFO: [Synth 8-3491] module 'design_1_ov7670_controller_0_0' declared at 'C:/Users/idowe/myProjects/FPGA-image-interpolator/pmod_to_vga/pmod_to_vga.runs/synth_1/.Xil/Vivado-21036-Ido/realtime/design_1_ov7670_controller_0_0_stub.vhdl:5' bound to instance 'ov7670_controller_0' of component 'design_1_ov7670_controller_0_0' [C:/Users/idowe/myProjects/FPGA-image-interpolator/pmod_to_vga/pmod_to_vga.srcs/sources_1/bd/design_1/synth/design_1.vhd:183]
INFO: [Synth 8-638] synthesizing module 'design_1_ov7670_controller_0_0' [C:/Users/idowe/myProjects/FPGA-image-interpolator/pmod_to_vga/pmod_to_vga.runs/synth_1/.Xil/Vivado-21036-Ido/realtime/design_1_ov7670_controller_0_0_stub.vhdl:19]
INFO: [Synth 8-3491] module 'design_1_ovo_7670_caputre_0_0' declared at 'C:/Users/idowe/myProjects/FPGA-image-interpolator/pmod_to_vga/pmod_to_vga.runs/synth_1/.Xil/Vivado-21036-Ido/realtime/design_1_ovo_7670_caputre_0_0_stub.vhdl:5' bound to instance 'ovo_7670_caputre_0' of component 'design_1_ovo_7670_caputre_0_0' [C:/Users/idowe/myProjects/FPGA-image-interpolator/pmod_to_vga/pmod_to_vga.srcs/sources_1/bd/design_1/synth/design_1.vhd:194]
INFO: [Synth 8-638] synthesizing module 'design_1_ovo_7670_caputre_0_0' [C:/Users/idowe/myProjects/FPGA-image-interpolator/pmod_to_vga/pmod_to_vga.runs/synth_1/.Xil/Vivado-21036-Ido/realtime/design_1_ovo_7670_caputre_0_0_stub.vhdl:19]
INFO: [Synth 8-3491] module 'design_1_vga_02_0_0' declared at 'C:/Users/idowe/myProjects/FPGA-image-interpolator/pmod_to_vga/pmod_to_vga.runs/synth_1/.Xil/Vivado-21036-Ido/realtime/design_1_vga_02_0_0_stub.vhdl:5' bound to instance 'vga_02_0' of component 'design_1_vga_02_0_0' [C:/Users/idowe/myProjects/FPGA-image-interpolator/pmod_to_vga/pmod_to_vga.srcs/sources_1/bd/design_1/synth/design_1.vhd:205]
INFO: [Synth 8-638] synthesizing module 'design_1_vga_02_0_0' [C:/Users/idowe/myProjects/FPGA-image-interpolator/pmod_to_vga/pmod_to_vga.runs/synth_1/.Xil/Vivado-21036-Ido/realtime/design_1_vga_02_0_0_stub.vhdl:21]
INFO: [Synth 8-3491] module 'design_1_xlconstant_0_0_0' declared at 'C:/Users/idowe/myProjects/FPGA-image-interpolator/pmod_to_vga/pmod_to_vga.runs/synth_1/.Xil/Vivado-21036-Ido/realtime/design_1_xlconstant_0_0_0_stub.vhdl:5' bound to instance 'xlconstant_0_0' of component 'design_1_xlconstant_0_0_0' [C:/Users/idowe/myProjects/FPGA-image-interpolator/pmod_to_vga/pmod_to_vga.srcs/sources_1/bd/design_1/synth/design_1.vhd:218]
INFO: [Synth 8-638] synthesizing module 'design_1_xlconstant_0_0_0' [C:/Users/idowe/myProjects/FPGA-image-interpolator/pmod_to_vga/pmod_to_vga.runs/synth_1/.Xil/Vivado-21036-Ido/realtime/design_1_xlconstant_0_0_0_stub.vhdl:12]
WARNING: [Synth 8-3848] Net NLW_clk_wiz_1_reset_UNCONNECTED in module/entity design_1 does not have driver. [C:/Users/idowe/myProjects/FPGA-image-interpolator/pmod_to_vga/pmod_to_vga.srcs/sources_1/bd/design_1/synth/design_1.vhd:130]
WARNING: [Synth 8-3848] Net NLW_ovo_7670_caputre_0_zoom_UNCONNECTED in module/entity design_1 does not have driver. [C:/Users/idowe/myProjects/FPGA-image-interpolator/pmod_to_vga/pmod_to_vga.srcs/sources_1/bd/design_1/synth/design_1.vhd:131]
WARNING: [Synth 8-3848] Net NLW_vga_02_0_zoom_UNCONNECTED in module/entity design_1 does not have driver. [C:/Users/idowe/myProjects/FPGA-image-interpolator/pmod_to_vga/pmod_to_vga.srcs/sources_1/bd/design_1/synth/design_1.vhd:134]
WARNING: [Synth 8-3848] Net NLW_xlconstant_0_0_din_UNCONNECTED in module/entity design_1 does not have driver. [C:/Users/idowe/myProjects/FPGA-image-interpolator/pmod_to_vga/pmod_to_vga.srcs/sources_1/bd/design_1/synth/design_1.vhd:138]
INFO: [Synth 8-256] done synthesizing module 'design_1' (1#1) [C:/Users/idowe/myProjects/FPGA-image-interpolator/pmod_to_vga/pmod_to_vga.srcs/sources_1/bd/design_1/synth/design_1.vhd:36]
INFO: [Synth 8-256] done synthesizing module 'design_1_wrapper' (2#1) [C:/Users/idowe/myProjects/FPGA-image-interpolator/pmod_to_vga/pmod_to_vga.srcs/sources_1/bd/design_1/hdl/design_1_wrapper.vhd:32]
---------------------------------------------------------------------------------
Finished RTL Elaboration : Time (s): cpu = 00:00:03 ; elapsed = 00:00:03 . Memory (MB): peak = 1084.688 ; gain = 309.266
---------------------------------------------------------------------------------

Report Check Netlist: 
+------+------------------+-------+---------+-------+------------------+
|      |Item              |Errors |Warnings |Status |Description       |
+------+------------------+-------+---------+-------+------------------+
|1     |multi_driven_nets |      0|        0|Passed |Multi driven nets |
+------+------------------+-------+---------+-------+------------------+
---------------------------------------------------------------------------------
Start Handling Custom Attributes
---------------------------------------------------------------------------------
---------------------------------------------------------------------------------
Finished Handling Custom Attributes : Time (s): cpu = 00:00:04 ; elapsed = 00:00:04 . Memory (MB): peak = 1084.688 ; gain = 309.266
---------------------------------------------------------------------------------
---------------------------------------------------------------------------------
Finished RTL Optimization Phase 1 : Time (s): cpu = 00:00:04 ; elapsed = 00:00:04 . Memory (MB): peak = 1084.688 ; gain = 309.266
---------------------------------------------------------------------------------
Netlist sorting complete. Time (s): cpu = 00:00:00 ; elapsed = 00:00:00 . Memory (MB): peak = 1084.688 ; gain = 0.000
INFO: [Project 1-570] Preparing netlist for logic optimization

Processing XDC Constraints
Initializing timing engine
Parsing XDC File [c:/Users/idowe/myProjects/FPGA-image-interpolator/pmod_to_vga/pmod_to_vga.srcs/sources_1/bd/design_1/ip/design_1_ov7670_controller_0_0/design_1_ov7670_controller_0_0/design_1_ov7670_controller_0_0_in_context.xdc] for cell 'design_1_i/ov7670_controller_0'
Finished Parsing XDC File [c:/Users/idowe/myProjects/FPGA-image-interpolator/pmod_to_vga/pmod_to_vga.srcs/sources_1/bd/design_1/ip/design_1_ov7670_controller_0_0/design_1_ov7670_controller_0_0/design_1_ov7670_controller_0_0_in_context.xdc] for cell 'design_1_i/ov7670_controller_0'
Parsing XDC File [c:/Users/idowe/myProjects/FPGA-image-interpolator/pmod_to_vga/pmod_to_vga.srcs/sources_1/bd/design_1/ip/design_1_blk_mem_gen_0_0/design_1_blk_mem_gen_0_0/design_1_blk_mem_gen_0_0_in_context.xdc] for cell 'design_1_i/blk_mem_gen_0'
Finished Parsing XDC File [c:/Users/idowe/myProjects/FPGA-image-interpolator/pmod_to_vga/pmod_to_vga.srcs/sources_1/bd/design_1/ip/design_1_blk_mem_gen_0_0/design_1_blk_mem_gen_0_0/design_1_blk_mem_gen_0_0_in_context.xdc] for cell 'design_1_i/blk_mem_gen_0'
Parsing XDC File [c:/Users/idowe/myProjects/FPGA-image-interpolator/pmod_to_vga/pmod_to_vga.srcs/sources_1/bd/design_1/ip/design_1_cntl_0_0/design_1_cntl_0_0/design_1_cntl_0_0_in_context.xdc] for cell 'design_1_i/cntl_0'
Finished Parsing XDC File [c:/Users/idowe/myProjects/FPGA-image-interpolator/pmod_to_vga/pmod_to_vga.srcs/sources_1/bd/design_1/ip/design_1_cntl_0_0/design_1_cntl_0_0/design_1_cntl_0_0_in_context.xdc] for cell 'design_1_i/cntl_0'
Parsing XDC File [c:/Users/idowe/myProjects/FPGA-image-interpolator/pmod_to_vga/pmod_to_vga.srcs/sources_1/bd/design_1/ip/design_1_clk_wiz_1_0/design_1_clk_wiz_1_0/design_1_clk_wiz_1_0_in_context.xdc] for cell 'design_1_i/clk_wiz_1'
Finished Parsing XDC File [c:/Users/idowe/myProjects/FPGA-image-interpolator/pmod_to_vga/pmod_to_vga.srcs/sources_1/bd/design_1/ip/design_1_clk_wiz_1_0/design_1_clk_wiz_1_0/design_1_clk_wiz_1_0_in_context.xdc] for cell 'design_1_i/clk_wiz_1'
Parsing XDC File [c:/Users/idowe/myProjects/FPGA-image-interpolator/pmod_to_vga/pmod_to_vga.srcs/sources_1/bd/design_1/ip/design_1_ovo_7670_caputre_0_0/design_1_ovo_7670_caputre_0_0/design_1_ovo_7670_caputre_0_0_in_context.xdc] for cell 'design_1_i/ovo_7670_caputre_0'
Finished Parsing XDC File [c:/Users/idowe/myProjects/FPGA-image-interpolator/pmod_to_vga/pmod_to_vga.srcs/sources_1/bd/design_1/ip/design_1_ovo_7670_caputre_0_0/design_1_ovo_7670_caputre_0_0/design_1_ovo_7670_caputre_0_0_in_context.xdc] for cell 'design_1_i/ovo_7670_caputre_0'
Parsing XDC File [c:/Users/idowe/myProjects/FPGA-image-interpolator/pmod_to_vga/pmod_to_vga.srcs/sources_1/bd/design_1/ip/design_1_vga_02_0_0/design_1_vga_02_0_0/design_1_vga_02_0_0_in_context.xdc] for cell 'design_1_i/vga_02_0'
Finished Parsing XDC File [c:/Users/idowe/myProjects/FPGA-image-interpolator/pmod_to_vga/pmod_to_vga.srcs/sources_1/bd/design_1/ip/design_1_vga_02_0_0/design_1_vga_02_0_0/design_1_vga_02_0_0_in_context.xdc] for cell 'design_1_i/vga_02_0'
Parsing XDC File [c:/Users/idowe/myProjects/FPGA-image-interpolator/pmod_to_vga/pmod_to_vga.srcs/sources_1/bd/design_1/ip/design_1_xlconstant_0_0_0/design_1_xlconstant_0_0_0/design_1_xlconstant_0_0_0_in_context.xdc] for cell 'design_1_i/xlconstant_0_0'
Finished Parsing XDC File [c:/Users/idowe/myProjects/FPGA-image-interpolator/pmod_to_vga/pmod_to_vga.srcs/sources_1/bd/design_1/ip/design_1_xlconstant_0_0_0/design_1_xlconstant_0_0_0/design_1_xlconstant_0_0_0_in_context.xdc] for cell 'design_1_i/xlconstant_0_0'
Parsing XDC File [C:/Users/idowe/myProjects/FPGA-image-interpolator/pmod_to_vga/Nexys-A7-100T-Master.xdc]
WARNING: [Vivado 12-584] No ports matched 'vga_red[0]'. [C:/Users/idowe/myProjects/FPGA-image-interpolator/pmod_to_vga/Nexys-A7-100T-Master.xdc:10]
WARNING: [Vivado 12-584] No ports matched 'vga_red[0]'. [C:/Users/idowe/myProjects/FPGA-image-interpolator/pmod_to_vga/Nexys-A7-100T-Master.xdc:11]
WARNING: [Vivado 12-584] No ports matched 'vga_red[1]'. [C:/Users/idowe/myProjects/FPGA-image-interpolator/pmod_to_vga/Nexys-A7-100T-Master.xdc:13]
WARNING: [Vivado 12-584] No ports matched 'vga_red[1]'. [C:/Users/idowe/myProjects/FPGA-image-interpolator/pmod_to_vga/Nexys-A7-100T-Master.xdc:14]
WARNING: [Vivado 12-584] No ports matched 'vga_red[2]'. [C:/Users/idowe/myProjects/FPGA-image-interpolator/pmod_to_vga/Nexys-A7-100T-Master.xdc:16]
WARNING: [Vivado 12-584] No ports matched 'vga_red[2]'. [C:/Users/idowe/myProjects/FPGA-image-interpolator/pmod_to_vga/Nexys-A7-100T-Master.xdc:17]
WARNING: [Vivado 12-584] No ports matched 'vga_red[3]'. [C:/Users/idowe/myProjects/FPGA-image-interpolator/pmod_to_vga/Nexys-A7-100T-Master.xdc:19]
WARNING: [Vivado 12-584] No ports matched 'vga_red[3]'. [C:/Users/idowe/myProjects/FPGA-image-interpolator/pmod_to_vga/Nexys-A7-100T-Master.xdc:20]
WARNING: [Vivado 12-584] No ports matched 'vga_blue[0]'. [C:/Users/idowe/myProjects/FPGA-image-interpolator/pmod_to_vga/Nexys-A7-100T-Master.xdc:22]
WARNING: [Vivado 12-584] No ports matched 'vga_blue[0]'. [C:/Users/idowe/myProjects/FPGA-image-interpolator/pmod_to_vga/Nexys-A7-100T-Master.xdc:23]
WARNING: [Vivado 12-584] No ports matched 'vga_blue[1]'. [C:/Users/idowe/myProjects/FPGA-image-interpolator/pmod_to_vga/Nexys-A7-100T-Master.xdc:25]
WARNING: [Vivado 12-584] No ports matched 'vga_blue[1]'. [C:/Users/idowe/myProjects/FPGA-image-interpolator/pmod_to_vga/Nexys-A7-100T-Master.xdc:26]
WARNING: [Vivado 12-584] No ports matched 'vga_blue[2]'. [C:/Users/idowe/myProjects/FPGA-image-interpolator/pmod_to_vga/Nexys-A7-100T-Master.xdc:28]
WARNING: [Vivado 12-584] No ports matched 'vga_blue[2]'. [C:/Users/idowe/myProjects/FPGA-image-interpolator/pmod_to_vga/Nexys-A7-100T-Master.xdc:29]
WARNING: [Vivado 12-584] No ports matched 'vga_blue[3]'. [C:/Users/idowe/myProjects/FPGA-image-interpolator/pmod_to_vga/Nexys-A7-100T-Master.xdc:31]
WARNING: [Vivado 12-584] No ports matched 'vga_blue[3]'. [C:/Users/idowe/myProjects/FPGA-image-interpolator/pmod_to_vga/Nexys-A7-100T-Master.xdc:32]
WARNING: [Vivado 12-584] No ports matched 'vga_green[0]'. [C:/Users/idowe/myProjects/FPGA-image-interpolator/pmod_to_vga/Nexys-A7-100T-Master.xdc:34]
WARNING: [Vivado 12-584] No ports matched 'vga_green[0]'. [C:/Users/idowe/myProjects/FPGA-image-interpolator/pmod_to_vga/Nexys-A7-100T-Master.xdc:35]
WARNING: [Vivado 12-584] No ports matched 'vga_green[1]'. [C:/Users/idowe/myProjects/FPGA-image-interpolator/pmod_to_vga/Nexys-A7-100T-Master.xdc:37]
WARNING: [Vivado 12-584] No ports matched 'vga_green[1]'. [C:/Users/idowe/myProjects/FPGA-image-interpolator/pmod_to_vga/Nexys-A7-100T-Master.xdc:38]
WARNING: [Vivado 12-584] No ports matched 'vga_green[2]'. [C:/Users/idowe/myProjects/FPGA-image-interpolator/pmod_to_vga/Nexys-A7-100T-Master.xdc:40]
WARNING: [Vivado 12-584] No ports matched 'vga_green[2]'. [C:/Users/idowe/myProjects/FPGA-image-interpolator/pmod_to_vga/Nexys-A7-100T-Master.xdc:41]
WARNING: [Vivado 12-584] No ports matched 'vga_green[3]'. [C:/Users/idowe/myProjects/FPGA-image-interpolator/pmod_to_vga/Nexys-A7-100T-Master.xdc:43]
WARNING: [Vivado 12-584] No ports matched 'vga_green[3]'. [C:/Users/idowe/myProjects/FPGA-image-interpolator/pmod_to_vga/Nexys-A7-100T-Master.xdc:44]
WARNING: [Vivado 12-584] No ports matched 'VGA_H_sync'. [C:/Users/idowe/myProjects/FPGA-image-interpolator/pmod_to_vga/Nexys-A7-100T-Master.xdc:46]
WARNING: [Vivado 12-584] No ports matched 'VGA_H_sync'. [C:/Users/idowe/myProjects/FPGA-image-interpolator/pmod_to_vga/Nexys-A7-100T-Master.xdc:47]
WARNING: [Vivado 12-584] No ports matched 'vga_V_sync'. [C:/Users/idowe/myProjects/FPGA-image-interpolator/pmod_to_vga/Nexys-A7-100T-Master.xdc:49]
WARNING: [Vivado 12-584] No ports matched 'vga_V_sync'. [C:/Users/idowe/myProjects/FPGA-image-interpolator/pmod_to_vga/Nexys-A7-100T-Master.xdc:50]
WARNING: [Vivado 12-584] No ports matched 'zoom'. [C:/Users/idowe/myProjects/FPGA-image-interpolator/pmod_to_vga/Nexys-A7-100T-Master.xdc:64]
WARNING: [Vivado 12-584] No ports matched 'zoom'. [C:/Users/idowe/myProjects/FPGA-image-interpolator/pmod_to_vga/Nexys-A7-100T-Master.xdc:65]
WARNING: [Vivado 12-584] No ports matched 'din[6]'. [C:/Users/idowe/myProjects/FPGA-image-interpolator/pmod_to_vga/Nexys-A7-100T-Master.xdc:97]
WARNING: [Vivado 12-584] No ports matched 'din[6]'. [C:/Users/idowe/myProjects/FPGA-image-interpolator/pmod_to_vga/Nexys-A7-100T-Master.xdc:98]
WARNING: [Vivado 12-584] No ports matched 'din[7]'. [C:/Users/idowe/myProjects/FPGA-image-interpolator/pmod_to_vga/Nexys-A7-100T-Master.xdc:101]
WARNING: [Vivado 12-584] No ports matched 'din[7]'. [C:/Users/idowe/myProjects/FPGA-image-interpolator/pmod_to_vga/Nexys-A7-100T-Master.xdc:102]
WARNING: [Vivado 12-584] No ports matched 'din[0]'. [C:/Users/idowe/myProjects/FPGA-image-interpolator/pmod_to_vga/Nexys-A7-100T-Master.xdc:117]
WARNING: [Vivado 12-584] No ports matched 'din[0]'. [C:/Users/idowe/myProjects/FPGA-image-interpolator/pmod_to_vga/Nexys-A7-100T-Master.xdc:118]
WARNING: [Vivado 12-584] No ports matched 'din[2]'. [C:/Users/idowe/myProjects/FPGA-image-interpolator/pmod_to_vga/Nexys-A7-100T-Master.xdc:121]
WARNING: [Vivado 12-584] No ports matched 'din[2]'. [C:/Users/idowe/myProjects/FPGA-image-interpolator/pmod_to_vga/Nexys-A7-100T-Master.xdc:122]
WARNING: [Vivado 12-584] No ports matched 'din[4]'. [C:/Users/idowe/myProjects/FPGA-image-interpolator/pmod_to_vga/Nexys-A7-100T-Master.xdc:125]
WARNING: [Vivado 12-584] No ports matched 'din[4]'. [C:/Users/idowe/myProjects/FPGA-image-interpolator/pmod_to_vga/Nexys-A7-100T-Master.xdc:126]
WARNING: [Vivado 12-584] No ports matched 'din[1]'. [C:/Users/idowe/myProjects/FPGA-image-interpolator/pmod_to_vga/Nexys-A7-100T-Master.xdc:130]
WARNING: [Vivado 12-584] No ports matched 'din[1]'. [C:/Users/idowe/myProjects/FPGA-image-interpolator/pmod_to_vga/Nexys-A7-100T-Master.xdc:131]
WARNING: [Vivado 12-584] No ports matched 'din[3]'. [C:/Users/idowe/myProjects/FPGA-image-interpolator/pmod_to_vga/Nexys-A7-100T-Master.xdc:134]
WARNING: [Vivado 12-584] No ports matched 'din[3]'. [C:/Users/idowe/myProjects/FPGA-image-interpolator/pmod_to_vga/Nexys-A7-100T-Master.xdc:135]
WARNING: [Vivado 12-584] No ports matched 'din[5]'. [C:/Users/idowe/myProjects/FPGA-image-interpolator/pmod_to_vga/Nexys-A7-100T-Master.xdc:138]
WARNING: [Vivado 12-584] No ports matched 'din[5]'. [C:/Users/idowe/myProjects/FPGA-image-interpolator/pmod_to_vga/Nexys-A7-100T-Master.xdc:139]
Finished Parsing XDC File [C:/Users/idowe/myProjects/FPGA-image-interpolator/pmod_to_vga/Nexys-A7-100T-Master.xdc]
WARNING: [Project 1-498] One or more constraints failed evaluation while reading constraint file [C:/Users/idowe/myProjects/FPGA-image-interpolator/pmod_to_vga/Nexys-A7-100T-Master.xdc] and the design contains unresolved black boxes. These constraints will be read post-synthesis (as long as their source constraint file is marked as used_in_implementation) and should be applied correctly then. You should review the constraints listed in the file [.Xil/design_1_wrapper_propImpl.xdc] and check the run log file to verify that these constraints were correctly applied.
INFO: [Project 1-236] Implementation specific constraints were found while reading constraint file [C:/Users/idowe/myProjects/FPGA-image-interpolator/pmod_to_vga/Nexys-A7-100T-Master.xdc]. These constraints will be ignored for synthesis but will be used in implementation. Impacted constraints are listed in the file [.Xil/design_1_wrapper_propImpl.xdc].
Resolution: To avoid this warning, move constraints listed in [.Xil/design_1_wrapper_propImpl.xdc] to another XDC file and exclude this new file from synthesis with the used_in_synthesis property (File Properties dialog in GUI) and re-run elaboration/synthesis.
Parsing XDC File [C:/Users/idowe/myProjects/FPGA-image-interpolator/pmod_to_vga/pmod_to_vga.runs/synth_1/dont_touch.xdc]
Finished Parsing XDC File [C:/Users/idowe/myProjects/FPGA-image-interpolator/pmod_to_vga/pmod_to_vga.runs/synth_1/dont_touch.xdc]
Completed Processing XDC Constraints

Netlist sorting complete. Time (s): cpu = 00:00:00 ; elapsed = 00:00:00 . Memory (MB): peak = 1133.832 ; gain = 0.000
INFO: [Project 1-111] Unisim Transformation Summary:
No Unisim elements were transformed.

Constraint Validation Runtime : Time (s): cpu = 00:00:00 ; elapsed = 00:00:00.004 . Memory (MB): peak = 1133.832 ; gain = 0.000
---------------------------------------------------------------------------------
Finished Constraint Validation : Time (s): cpu = 00:00:08 ; elapsed = 00:00:09 . Memory (MB): peak = 1133.832 ; gain = 358.410
---------------------------------------------------------------------------------
---------------------------------------------------------------------------------
Start Loading Part and Timing Information
---------------------------------------------------------------------------------
Loading part: xc7a100tcsg324-1
---------------------------------------------------------------------------------
Finished Loading Part and Timing Information : Time (s): cpu = 00:00:08 ; elapsed = 00:00:09 . Memory (MB): peak = 1133.832 ; gain = 358.410
---------------------------------------------------------------------------------
---------------------------------------------------------------------------------
Start Applying 'set_property' XDC Constraints
---------------------------------------------------------------------------------
Applied set_property IO_BUFFER_TYPE = NONE for clk_in1. (constraint file  c:/Users/idowe/myProjects/FPGA-image-interpolator/pmod_to_vga/pmod_to_vga.srcs/sources_1/bd/design_1/ip/design_1_clk_wiz_1_0/design_1_clk_wiz_1_0/design_1_clk_wiz_1_0_in_context.xdc, line 3).
Applied set_property CLOCK_BUFFER_TYPE = NONE for clk_in1. (constraint file  c:/Users/idowe/myProjects/FPGA-image-interpolator/pmod_to_vga/pmod_to_vga.srcs/sources_1/bd/design_1/ip/design_1_clk_wiz_1_0/design_1_clk_wiz_1_0/design_1_clk_wiz_1_0_in_context.xdc, line 4).
Applied set_property DONT_TOUCH = true for design_1_i. (constraint file  auto generated constraint, line ).
Applied set_property DONT_TOUCH = true for design_1_i/ov7670_controller_0. (constraint file  auto generated constraint, line ).
Applied set_property DONT_TOUCH = true for design_1_i/blk_mem_gen_0. (constraint file  auto generated constraint, line ).
Applied set_property DONT_TOUCH = true for design_1_i/cntl_0. (constraint file  auto generated constraint, line ).
Applied set_property DONT_TOUCH = true for design_1_i/clk_wiz_1. (constraint file  auto generated constraint, line ).
Applied set_property DONT_TOUCH = true for design_1_i/ovo_7670_caputre_0. (constraint file  auto generated constraint, line ).
Applied set_property DONT_TOUCH = true for design_1_i/vga_02_0. (constraint file  auto generated constraint, line ).
Applied set_property DONT_TOUCH = true for design_1_i/xlconstant_0_0. (constraint file  auto generated constraint, line ).
---------------------------------------------------------------------------------
Finished applying 'set_property' XDC Constraints : Time (s): cpu = 00:00:08 ; elapsed = 00:00:09 . Memory (MB): peak = 1133.832 ; gain = 358.410
---------------------------------------------------------------------------------
---------------------------------------------------------------------------------
Finished RTL Optimization Phase 2 : Time (s): cpu = 00:00:08 ; elapsed = 00:00:09 . Memory (MB): peak = 1133.832 ; gain = 358.410
---------------------------------------------------------------------------------

Report RTL Partitions: 
+-+--------------+------------+----------+
| |RTL Partition |Replication |Instances |
+-+--------------+------------+----------+
+-+--------------+------------+----------+
---------------------------------------------------------------------------------
Start RTL Component Statistics 
---------------------------------------------------------------------------------
Detailed RTL Component Info : 
---------------------------------------------------------------------------------
Finished RTL Component Statistics 
---------------------------------------------------------------------------------
---------------------------------------------------------------------------------
Start RTL Hierarchical Component Statistics 
---------------------------------------------------------------------------------
Hierarchical RTL Component report 
---------------------------------------------------------------------------------
Finished RTL Hierarchical Component Statistics
---------------------------------------------------------------------------------
---------------------------------------------------------------------------------
Start Part Resource Summary
---------------------------------------------------------------------------------
Part Resources:
DSPs: 240 (col length:80)
BRAMs: 270 (col length: RAMB18 80 RAMB36 40)
---------------------------------------------------------------------------------
Finished Part Resource Summary
---------------------------------------------------------------------------------
---------------------------------------------------------------------------------
Start Cross Boundary and Area Optimization
---------------------------------------------------------------------------------
Warning: Parallel synthesis criteria is not met 
---------------------------------------------------------------------------------
Finished Cross Boundary and Area Optimization : Time (s): cpu = 00:00:09 ; elapsed = 00:00:09 . Memory (MB): peak = 1133.832 ; gain = 358.410
---------------------------------------------------------------------------------

Report RTL Partitions: 
+-+--------------+------------+----------+
| |RTL Partition |Replication |Instances |
+-+--------------+------------+----------+
+-+--------------+------------+----------+
---------------------------------------------------------------------------------
Start Applying XDC Timing Constraints
---------------------------------------------------------------------------------
---------------------------------------------------------------------------------
Finished Applying XDC Timing Constraints : Time (s): cpu = 00:00:13 ; elapsed = 00:00:14 . Memory (MB): peak = 1142.879 ; gain = 367.457
---------------------------------------------------------------------------------
---------------------------------------------------------------------------------
Start Timing Optimization
---------------------------------------------------------------------------------
---------------------------------------------------------------------------------
Finished Timing Optimization : Time (s): cpu = 00:00:13 ; elapsed = 00:00:14 . Memory (MB): peak = 1142.879 ; gain = 367.457
---------------------------------------------------------------------------------

Report RTL Partitions: 
+-+--------------+------------+----------+
| |RTL Partition |Replication |Instances |
+-+--------------+------------+----------+
+-+--------------+------------+----------+
---------------------------------------------------------------------------------
Start Technology Mapping
---------------------------------------------------------------------------------
---------------------------------------------------------------------------------
Finished Technology Mapping : Time (s): cpu = 00:00:13 ; elapsed = 00:00:14 . Memory (MB): peak = 1152.465 ; gain = 377.043
---------------------------------------------------------------------------------

Report RTL Partitions: 
+-+--------------+------------+----------+
| |RTL Partition |Replication |Instances |
+-+--------------+------------+----------+
+-+--------------+------------+----------+
---------------------------------------------------------------------------------
Start IO Insertion
---------------------------------------------------------------------------------
---------------------------------------------------------------------------------
Start Flattening Before IO Insertion
---------------------------------------------------------------------------------
---------------------------------------------------------------------------------
Finished Flattening Before IO Insertion
---------------------------------------------------------------------------------
---------------------------------------------------------------------------------
Start Final Netlist Cleanup
---------------------------------------------------------------------------------
---------------------------------------------------------------------------------
Finished Final Netlist Cleanup
---------------------------------------------------------------------------------
CRITICAL WARNING: [Synth 8-4442] BlackBox module clk_wiz_1 has unconnected pin reset
CRITICAL WARNING: [Synth 8-4442] BlackBox module ovo_7670_caputre_0 has unconnected pin zoom
CRITICAL WARNING: [Synth 8-4442] BlackBox module vga_02_0 has unconnected pin zoom
CRITICAL WARNING: [Synth 8-4442] BlackBox module xlconstant_0_0 has unconnected pin din[0]
---------------------------------------------------------------------------------
Finished IO Insertion : Time (s): cpu = 00:00:16 ; elapsed = 00:00:16 . Memory (MB): peak = 1167.227 ; gain = 391.805
---------------------------------------------------------------------------------
---------------------------------------------------------------------------------
Start Renaming Generated Instances
---------------------------------------------------------------------------------
---------------------------------------------------------------------------------
Finished Renaming Generated Instances : Time (s): cpu = 00:00:16 ; elapsed = 00:00:16 . Memory (MB): peak = 1167.227 ; gain = 391.805
---------------------------------------------------------------------------------

Report RTL Partitions: 
+-+--------------+------------+----------+
| |RTL Partition |Replication |Instances |
+-+--------------+------------+----------+
+-+--------------+------------+----------+

Report Check Netlist: 
+------+------------------+-------+---------+-------+------------------+
|      |Item              |Errors |Warnings |Status |Description       |
+------+------------------+-------+---------+-------+------------------+
|1     |multi_driven_nets |      0|        0|Passed |Multi driven nets |
+------+------------------+-------+---------+-------+------------------+
---------------------------------------------------------------------------------
Start Rebuilding User Hierarchy
---------------------------------------------------------------------------------
---------------------------------------------------------------------------------
Finished Rebuilding User Hierarchy : Time (s): cpu = 00:00:16 ; elapsed = 00:00:16 . Memory (MB): peak = 1167.227 ; gain = 391.805
---------------------------------------------------------------------------------
---------------------------------------------------------------------------------
Start Renaming Generated Ports
---------------------------------------------------------------------------------
---------------------------------------------------------------------------------
Finished Renaming Generated Ports : Time (s): cpu = 00:00:16 ; elapsed = 00:00:16 . Memory (MB): peak = 1167.227 ; gain = 391.805
---------------------------------------------------------------------------------
---------------------------------------------------------------------------------
Start Handling Custom Attributes
---------------------------------------------------------------------------------
---------------------------------------------------------------------------------
Finished Handling Custom Attributes : Time (s): cpu = 00:00:16 ; elapsed = 00:00:16 . Memory (MB): peak = 1167.227 ; gain = 391.805
---------------------------------------------------------------------------------
---------------------------------------------------------------------------------
Start Renaming Generated Nets
---------------------------------------------------------------------------------
---------------------------------------------------------------------------------
Finished Renaming Generated Nets : Time (s): cpu = 00:00:16 ; elapsed = 00:00:16 . Memory (MB): peak = 1167.227 ; gain = 391.805
---------------------------------------------------------------------------------
---------------------------------------------------------------------------------
Start Writing Synthesis Report
---------------------------------------------------------------------------------

Report BlackBoxes: 
+------+-------------------------------+----------+
|      |BlackBox name                  |Instances |
+------+-------------------------------+----------+
|1     |design_1_blk_mem_gen_0_0       |         1|
|2     |design_1_clk_wiz_1_0           |         1|
|3     |design_1_cntl_0_0              |         1|
|4     |design_1_ov7670_controller_0_0 |         1|
|5     |design_1_ovo_7670_caputre_0_0  |         1|
|6     |design_1_vga_02_0_0            |         1|
|7     |design_1_xlconstant_0_0_0      |         1|
+------+-------------------------------+----------+

Report Cell Usage: 
+------+--------------------------------------+------+
|      |Cell                                  |Count |
+------+--------------------------------------+------+
|1     |design_1_blk_mem_gen_0_0_bbox_0       |     1|
|2     |design_1_clk_wiz_1_0_bbox_1           |     1|
|3     |design_1_cntl_0_0_bbox_2              |     1|
|4     |design_1_ov7670_controller_0_0_bbox_3 |     1|
|5     |design_1_ovo_7670_caputre_0_0_bbox_4  |     1|
|6     |design_1_vga_02_0_0_bbox_5            |     1|
|7     |design_1_xlconstant_0_0_0_bbox_6      |     1|
|8     |IBUF                                  |    13|
|9     |OBUF                                  |     5|
+------+--------------------------------------+------+

Report Instance Areas: 
+------+-------------+---------+------+
|      |Instance     |Module   |Cells |
+------+-------------+---------+------+
|1     |top          |         |   104|
|2     |  design_1_i |design_1 |    86|
+------+-------------+---------+------+
---------------------------------------------------------------------------------
Finished Writing Synthesis Report : Time (s): cpu = 00:00:16 ; elapsed = 00:00:16 . Memory (MB): peak = 1167.227 ; gain = 391.805
---------------------------------------------------------------------------------
Synthesis finished with 0 errors, 4 critical warnings and 0 warnings.
Synthesis Optimization Runtime : Time (s): cpu = 00:00:11 ; elapsed = 00:00:15 . Memory (MB): peak = 1167.227 ; gain = 342.660
Synthesis Optimization Complete : Time (s): cpu = 00:00:16 ; elapsed = 00:00:16 . Memory (MB): peak = 1167.227 ; gain = 391.805
INFO: [Project 1-571] Translating synthesized netlist
Netlist sorting complete. Time (s): cpu = 00:00:00 ; elapsed = 00:00:00 . Memory (MB): peak = 1175.770 ; gain = 0.000
INFO: [Project 1-570] Preparing netlist for logic optimization
INFO: [Opt 31-138] Pushed 0 inverter(s) to 0 load pin(s).
Netlist sorting complete. Time (s): cpu = 00:00:00 ; elapsed = 00:00:00 . Memory (MB): peak = 1187.219 ; gain = 0.000
INFO: [Project 1-111] Unisim Transformation Summary:
No Unisim elements were transformed.

INFO: [Common 17-83] Releasing license: Synthesis
32 Infos, 51 Warnings, 4 Critical Warnings and 0 Errors encountered.
synth_design completed successfully
synth_design: Time (s): cpu = 00:00:18 ; elapsed = 00:00:20 . Memory (MB): peak = 1187.219 ; gain = 697.934
Netlist sorting complete. Time (s): cpu = 00:00:00 ; elapsed = 00:00:00 . Memory (MB): peak = 1187.219 ; gain = 0.000
WARNING: [Constraints 18-5210] No constraints selected for write.
Resolution: This message can indicate that there are no constraints for the design, or it can indicate that the used_in flags are set such that the constraints are ignored. This later case is used when running synth_design to not write synthesis constraints to the resulting checkpoint. Instead, project constraints are read when the synthesized design is opened.
INFO: [Common 17-1381] The checkpoint 'C:/Users/idowe/myProjects/FPGA-image-interpolator/pmod_to_vga/pmod_to_vga.runs/synth_1/design_1_wrapper.dcp' has been generated.
INFO: [runtcl-4] Executing : report_utilization -file design_1_wrapper_utilization_synth.rpt -pb design_1_wrapper_utilization_synth.pb
INFO: [Common 17-206] Exiting Vivado at Tue Apr  8 12:55:49 2025...
