Copyright 1986-2019 Xilinx, Inc. All Rights Reserved.
--------------------------------------------------------------------------------------------------------------------------------------------------------------------------------------
| Tool Version : Vivado v.2019.2 (win64) Build 2708876 Wed Nov  6 21:40:23 MST 2019
| Date         : Mon Apr 14 16:17:19 2025
| Host         : Ido running 64-bit major release  (build 9200)
| Command      : report_methodology -file top_level_design_methodology_drc_routed.rpt -pb top_level_design_methodology_drc_routed.pb -rpx top_level_design_methodology_drc_routed.rpx
| Design       : top_level_design
| Device       : xc7a100tcsg324-1
| Speed File   : -1
| Design State : Fully Routed
--------------------------------------------------------------------------------------------------------------------------------------------------------------------------------------

Report Methodology

Table of Contents
-----------------
1. REPORT SUMMARY
2. REPORT DETAILS

1. REPORT SUMMARY
-----------------
            Netlist: netlist
          Floorplan: design_1
      Design limits: <entire design considered>
             Max violations: <unlimited>
             Violations found: 1
+----------+------------------+----------------------------------+------------+
| Rule     | Severity         | Description                      | Violations |
+----------+------------------+----------------------------------+------------+
| TIMING-2 | Critical Warning | Invalid primary clock source pin | 1          |
+----------+------------------+----------------------------------+------------+

2. REPORT DETAILS
-----------------
TIMING-2#1 Critical Warning
Invalid primary clock source pin  
A primary clock your_instance_name/inst/clk_in1 is created on an inappropriate pin your_instance_name/inst/clk_in1. It is recommended to create a primary clock only on a proper clock source (input port or primitive output pin with no timing arc)
Related violations: <none>


