Vivado Simulator 2019.2
Copyright 1986-1999, 2001-2019 Xilinx, Inc. All Rights Reserved.
Running: C:/Xilinx/Vivado/2019.2/bin/unwrapped/win64.o/xelab.exe -wto 56a9619014a94fc9a5050bd4e00e58df --incr --debug typical --relax --mt 2 -L xil_defaultlib -L unisims_ver -L unimacro_ver -L secureip -L xpm --snapshot BILINEAR_INTERPOLATION_TOP_tb_behav xil_defaultlib.BILINEAR_INTERPOLATION_TOP_tb xil_defaultlib.glbl -log elaborate.log 
Using 2 slave threads.
Starting static elaboration
Pass Through NonSizing Optimizer
Completed static elaboration
Starting simulation data flow analysis
Completed simulation data flow analysis
Time Resolution for simulation is 1ps
Compiling package std.standard
Compiling package std.textio
Compiling package ieee.std_logic_1164
Compiling package ieee.numeric_std
Compiling package ieee.std_logic_arith
Compiling package ieee.std_logic_unsigned
Compiling module xil_defaultlib.glbl
Compiling architecture behavioral of entity xil_defaultlib.BILINEAR_INTERPOLATION_TOP [bilinear_interpolation_top_defau...]
Compiling architecture behavioral of entity xil_defaultlib.bilinear_interpolation_top_tb
Built simulation snapshot BILINEAR_INTERPOLATION_TOP_tb_behav
