
*** Running vivado
    with args -log design_1_BILINEAR_INTERPOLATI_0_0.vds -m64 -product Vivado -mode batch -messageDb vivado.pb -notrace -source design_1_BILINEAR_INTERPOLATI_0_0.tcl


****** Vivado v2019.2 (64-bit)
  **** SW Build 2708876 on Wed Nov  6 21:40:23 MST 2019
  **** IP Build 2700528 on Thu Nov  7 00:09:20 MST 2019
    ** Copyright 1986-2019 Xilinx, Inc. All Rights Reserved.

source design_1_BILINEAR_INTERPOLATI_0_0.tcl -notrace
Command: synth_design -top design_1_BILINEAR_INTERPOLATI_0_0 -part xc7a100tcsg324-1 -mode out_of_context
Starting synth_design
WARNING: [IP_Flow 19-3571] IP 'design_1_BILINEAR_INTERPOLATI_0_0' is restricted:
* Module reference is stale and needs refreshing.
Attempting to get a license for feature 'Synthesis' and/or device 'xc7a100t'
INFO: [Common 17-349] Got license for feature 'Synthesis' and/or device 'xc7a100t'
INFO: [Device 21-403] Loading part xc7a100tcsg324-1
INFO: Launching helper process for spawning children vivado processes
INFO: Helper process launched with PID 44264 
---------------------------------------------------------------------------------
Starting RTL Elaboration : Time (s): cpu = 00:00:03 ; elapsed = 00:00:03 . Memory (MB): peak = 1005.621 ; gain = 234.488
---------------------------------------------------------------------------------
INFO: [Synth 8-638] synthesizing module 'design_1_BILINEAR_INTERPOLATI_0_0' [c:/Users/idowe/Projects/Digital-Zoom-FPGA/OV7670_VGA/OV7670_VGA.srcs/sources_1/bd/design_1/ip/design_1_BILINEAR_INTERPOLATI_0_0/synth/design_1_BILINEAR_INTERPOLATI_0_0.vhd:67]
INFO: [Synth 8-3491] module 'BILINEAR_INTERPOLATION_TOP' declared at 'C:/Users/idowe/Projects/Digital-Zoom-FPGA/OV7670_VGA/OV7670_VGA.srcs/sources_1/new/BILINEAR_INTERPOLATION_TOP.vhd:26' bound to instance 'U0' of component 'BILINEAR_INTERPOLATION_TOP' [c:/Users/idowe/Projects/Digital-Zoom-FPGA/OV7670_VGA/OV7670_VGA.srcs/sources_1/bd/design_1/ip/design_1_BILINEAR_INTERPOLATI_0_0/synth/design_1_BILINEAR_INTERPOLATI_0_0.vhd:89]
INFO: [Synth 8-638] synthesizing module 'BILINEAR_INTERPOLATION_TOP' [C:/Users/idowe/Projects/Digital-Zoom-FPGA/OV7670_VGA/OV7670_VGA.srcs/sources_1/new/BILINEAR_INTERPOLATION_TOP.vhd:38]
INFO: [Synth 8-226] default block is never used [C:/Users/idowe/Projects/Digital-Zoom-FPGA/OV7670_VGA/OV7670_VGA.srcs/sources_1/new/BILINEAR_INTERPOLATION_TOP.vhd:80]
INFO: [Synth 8-256] done synthesizing module 'BILINEAR_INTERPOLATION_TOP' (1#1) [C:/Users/idowe/Projects/Digital-Zoom-FPGA/OV7670_VGA/OV7670_VGA.srcs/sources_1/new/BILINEAR_INTERPOLATION_TOP.vhd:38]
INFO: [Synth 8-256] done synthesizing module 'design_1_BILINEAR_INTERPOLATI_0_0' (2#1) [c:/Users/idowe/Projects/Digital-Zoom-FPGA/OV7670_VGA/OV7670_VGA.srcs/sources_1/bd/design_1/ip/design_1_BILINEAR_INTERPOLATI_0_0/synth/design_1_BILINEAR_INTERPOLATI_0_0.vhd:67]
---------------------------------------------------------------------------------
Finished RTL Elaboration : Time (s): cpu = 00:00:04 ; elapsed = 00:00:04 . Memory (MB): peak = 1081.727 ; gain = 310.594
---------------------------------------------------------------------------------

Report Check Netlist: 
+------+------------------+-------+---------+-------+------------------+
|      |Item              |Errors |Warnings |Status |Description       |
+------+------------------+-------+---------+-------+------------------+
|1     |multi_driven_nets |      0|        0|Passed |Multi driven nets |
+------+------------------+-------+---------+-------+------------------+
---------------------------------------------------------------------------------
Start Handling Custom Attributes
---------------------------------------------------------------------------------
---------------------------------------------------------------------------------
Finished Handling Custom Attributes : Time (s): cpu = 00:00:04 ; elapsed = 00:00:04 . Memory (MB): peak = 1081.727 ; gain = 310.594
---------------------------------------------------------------------------------
---------------------------------------------------------------------------------
Finished RTL Optimization Phase 1 : Time (s): cpu = 00:00:04 ; elapsed = 00:00:04 . Memory (MB): peak = 1081.727 ; gain = 310.594
---------------------------------------------------------------------------------
Netlist sorting complete. Time (s): cpu = 00:00:00 ; elapsed = 00:00:00.006 . Memory (MB): peak = 1081.727 ; gain = 0.000
INFO: [Project 1-570] Preparing netlist for logic optimization

Processing XDC Constraints
Initializing timing engine
Completed Processing XDC Constraints

Netlist sorting complete. Time (s): cpu = 00:00:00 ; elapsed = 00:00:00 . Memory (MB): peak = 1164.262 ; gain = 0.000
INFO: [Project 1-111] Unisim Transformation Summary:
No Unisim elements were transformed.

WARNING: [Constraints 18-5210] No constraints selected for write.
Resolution: This message can indicate that there are no constraints for the design, or it can indicate that the used_in flags are set such that the constraints are ignored. This later case is used when running synth_design to not write synthesis constraints to the resulting checkpoint. Instead, project constraints are read when the synthesized design is opened.
Constraint Validation Runtime : Time (s): cpu = 00:00:00 ; elapsed = 00:00:00.050 . Memory (MB): peak = 1166.336 ; gain = 2.074
---------------------------------------------------------------------------------
Finished Constraint Validation : Time (s): cpu = 00:00:09 ; elapsed = 00:00:09 . Memory (MB): peak = 1166.336 ; gain = 395.203
---------------------------------------------------------------------------------
---------------------------------------------------------------------------------
Start Loading Part and Timing Information
---------------------------------------------------------------------------------
Loading part: xc7a100tcsg324-1
---------------------------------------------------------------------------------
Finished Loading Part and Timing Information : Time (s): cpu = 00:00:09 ; elapsed = 00:00:09 . Memory (MB): peak = 1166.336 ; gain = 395.203
---------------------------------------------------------------------------------
---------------------------------------------------------------------------------
Start Applying 'set_property' XDC Constraints
---------------------------------------------------------------------------------
---------------------------------------------------------------------------------
Finished applying 'set_property' XDC Constraints : Time (s): cpu = 00:00:09 ; elapsed = 00:00:09 . Memory (MB): peak = 1166.336 ; gain = 395.203
---------------------------------------------------------------------------------
INFO: [Synth 8-5818] HDL ADVISOR - The operator resource <adder> is shared. To prevent sharing consider applying a KEEP on the output of the operator [C:/Users/idowe/Projects/Digital-Zoom-FPGA/OV7670_VGA/OV7670_VGA.srcs/sources_1/new/BILINEAR_INTERPOLATION_TOP.vhd:66]
INFO: [Synth 8-5818] HDL ADVISOR - The operator resource <adder> is shared. To prevent sharing consider applying a KEEP on the output of the operator [C:/Users/idowe/Projects/Digital-Zoom-FPGA/OV7670_VGA/OV7670_VGA.srcs/sources_1/new/BILINEAR_INTERPOLATION_TOP.vhd:65]
INFO: [Synth 8-5818] HDL ADVISOR - The operator resource <adder> is shared. To prevent sharing consider applying a KEEP on the output of the operator [C:/Users/idowe/Projects/Digital-Zoom-FPGA/OV7670_VGA/OV7670_VGA.srcs/sources_1/new/BILINEAR_INTERPOLATION_TOP.vhd:65]
---------------------------------------------------------------------------------
Finished RTL Optimization Phase 2 : Time (s): cpu = 00:00:09 ; elapsed = 00:00:10 . Memory (MB): peak = 1166.336 ; gain = 395.203
---------------------------------------------------------------------------------

Report RTL Partitions: 
+-+--------------+------------+----------+
| |RTL Partition |Replication |Instances |
+-+--------------+------------+----------+
+-+--------------+------------+----------+
---------------------------------------------------------------------------------
Start RTL Component Statistics 
---------------------------------------------------------------------------------
Detailed RTL Component Info : 
+---Adders : 
	   3 Input     19 Bit       Adders := 1     
	   2 Input     19 Bit       Adders := 2     
	   2 Input     17 Bit       Adders := 3     
	   3 Input     15 Bit       Adders := 4     
	   3 Input     12 Bit       Adders := 4     
	   2 Input     12 Bit       Adders := 1     
	   2 Input      9 Bit       Adders := 2     
	   2 Input      8 Bit       Adders := 2     
	   2 Input      4 Bit       Adders := 1     
+---Registers : 
	               19 Bit    Registers := 1     
	               17 Bit    Registers := 1     
	               12 Bit    Registers := 9     
	                9 Bit    Registers := 4     
	                8 Bit    Registers := 2     
	                4 Bit    Registers := 1     
	                1 Bit    Registers := 1     
+---Muxes : 
	   4 Input     19 Bit        Muxes := 2     
	  16 Input     19 Bit        Muxes := 3     
	   5 Input     19 Bit        Muxes := 1     
	   2 Input     17 Bit        Muxes := 4     
	   6 Input     12 Bit        Muxes := 1     
	   2 Input      9 Bit        Muxes := 1     
	   2 Input      8 Bit        Muxes := 1     
	  16 Input      3 Bit        Muxes := 2     
	  16 Input      2 Bit        Muxes := 2     
	  16 Input      1 Bit        Muxes := 6     
	  17 Input      1 Bit        Muxes := 1     
---------------------------------------------------------------------------------
Finished RTL Component Statistics 
---------------------------------------------------------------------------------
---------------------------------------------------------------------------------
Start RTL Hierarchical Component Statistics 
---------------------------------------------------------------------------------
Hierarchical RTL Component report 
Module BILINEAR_INTERPOLATION_TOP 
Detailed RTL Component Info : 
+---Adders : 
	   3 Input     19 Bit       Adders := 1     
	   2 Input     19 Bit       Adders := 2     
	   2 Input     17 Bit       Adders := 3     
	   3 Input     15 Bit       Adders := 4     
	   3 Input     12 Bit       Adders := 4     
	   2 Input     12 Bit       Adders := 1     
	   2 Input      9 Bit       Adders := 2     
	   2 Input      8 Bit       Adders := 2     
	   2 Input      4 Bit       Adders := 1     
+---Registers : 
	               19 Bit    Registers := 1     
	               17 Bit    Registers := 1     
	               12 Bit    Registers := 9     
	                9 Bit    Registers := 4     
	                8 Bit    Registers := 2     
	                4 Bit    Registers := 1     
	                1 Bit    Registers := 1     
+---Muxes : 
	   4 Input     19 Bit        Muxes := 2     
	  16 Input     19 Bit        Muxes := 3     
	   5 Input     19 Bit        Muxes := 1     
	   2 Input     17 Bit        Muxes := 4     
	   6 Input     12 Bit        Muxes := 1     
	   2 Input      9 Bit        Muxes := 1     
	   2 Input      8 Bit        Muxes := 1     
	  16 Input      3 Bit        Muxes := 2     
	  16 Input      2 Bit        Muxes := 2     
	  16 Input      1 Bit        Muxes := 6     
	  17 Input      1 Bit        Muxes := 1     
---------------------------------------------------------------------------------
Finished RTL Hierarchical Component Statistics
---------------------------------------------------------------------------------
---------------------------------------------------------------------------------
Start Part Resource Summary
---------------------------------------------------------------------------------
Part Resources:
DSPs: 240 (col length:80)
BRAMs: 270 (col length: RAMB18 80 RAMB36 40)
---------------------------------------------------------------------------------
Finished Part Resource Summary
---------------------------------------------------------------------------------
---------------------------------------------------------------------------------
Start Cross Boundary and Area Optimization
---------------------------------------------------------------------------------
Warning: Parallel synthesis criteria is not met 
INFO: [Synth 8-4471] merging register 'p30_reg[11:0]' into 'p30_reg[11:0]' [C:/Users/idowe/Projects/Digital-Zoom-FPGA/OV7670_VGA/OV7670_VGA.srcs/sources_1/new/BILINEAR_INTERPOLATION_TOP.vhd:99]
INFO: [Synth 8-4471] merging register 'p03_reg[11:0]' into 'p03_reg[11:0]' [C:/Users/idowe/Projects/Digital-Zoom-FPGA/OV7670_VGA/OV7670_VGA.srcs/sources_1/new/BILINEAR_INTERPOLATION_TOP.vhd:92]
INFO: [Synth 8-4471] merging register 'p03_reg[11:0]' into 'p03_reg[11:0]' [C:/Users/idowe/Projects/Digital-Zoom-FPGA/OV7670_VGA/OV7670_VGA.srcs/sources_1/new/BILINEAR_INTERPOLATION_TOP.vhd:92]
INFO: [Synth 8-4471] merging register 'p33_reg[11:0]' into 'p33_reg[11:0]' [C:/Users/idowe/Projects/Digital-Zoom-FPGA/OV7670_VGA/OV7670_VGA.srcs/sources_1/new/BILINEAR_INTERPOLATION_TOP.vhd:105]
INFO: [Synth 8-4471] merging register 'row_reg[7:0]' into 'row_reg[7:0]' [C:/Users/idowe/Projects/Digital-Zoom-FPGA/OV7670_VGA/OV7670_VGA.srcs/sources_1/new/BILINEAR_INTERPOLATION_TOP.vhd:86]
INFO: [Synth 8-4471] merging register 'col_reg[8:0]' into 'col_reg[8:0]' [C:/Users/idowe/Projects/Digital-Zoom-FPGA/OV7670_VGA/OV7670_VGA.srcs/sources_1/new/BILINEAR_INTERPOLATION_TOP.vhd:86]
INFO: [Synth 8-4471] merging register 'col_reg[8:0]' into 'col_reg[8:0]' [C:/Users/idowe/Projects/Digital-Zoom-FPGA/OV7670_VGA/OV7670_VGA.srcs/sources_1/new/BILINEAR_INTERPOLATION_TOP.vhd:86]
INFO: [Synth 8-4471] merging register 'col_reg[8:0]' into 'col_reg[8:0]' [C:/Users/idowe/Projects/Digital-Zoom-FPGA/OV7670_VGA/OV7670_VGA.srcs/sources_1/new/BILINEAR_INTERPOLATION_TOP.vhd:86]
INFO: [Synth 8-4471] merging register 'p00_reg[11:0]' into 'p00_reg[11:0]' [C:/Users/idowe/Projects/Digital-Zoom-FPGA/OV7670_VGA/OV7670_VGA.srcs/sources_1/new/BILINEAR_INTERPOLATION_TOP.vhd:84]
INFO: [Synth 8-4471] merging register 'p00_reg[11:0]' into 'p00_reg[11:0]' [C:/Users/idowe/Projects/Digital-Zoom-FPGA/OV7670_VGA/OV7670_VGA.srcs/sources_1/new/BILINEAR_INTERPOLATION_TOP.vhd:84]
INFO: [Synth 8-4471] merging register 'col_reg[8:0]' into 'col_reg[8:0]' [C:/Users/idowe/Projects/Digital-Zoom-FPGA/OV7670_VGA/OV7670_VGA.srcs/sources_1/new/BILINEAR_INTERPOLATION_TOP.vhd:86]
INFO: [Synth 8-4471] merging register 'row_reg[7:0]' into 'row_reg[7:0]' [C:/Users/idowe/Projects/Digital-Zoom-FPGA/OV7670_VGA/OV7670_VGA.srcs/sources_1/new/BILINEAR_INTERPOLATION_TOP.vhd:86]
INFO: [Synth 8-4471] merging register 'col_reg[8:0]' into 'col_reg[8:0]' [C:/Users/idowe/Projects/Digital-Zoom-FPGA/OV7670_VGA/OV7670_VGA.srcs/sources_1/new/BILINEAR_INTERPOLATION_TOP.vhd:86]
DSP Report: Generating DSP add_write0, operation Mode is: C'+(A:0x280)*B2.
DSP Report: register row_reg is absorbed into DSP add_write0.
DSP Report: register col_reg is absorbed into DSP add_write0.
DSP Report: operator add_write0 is absorbed into DSP add_write0.
DSP Report: operator add_write1 is absorbed into DSP add_write0.
DSP Report: Generating DSP add_write1, operation Mode is: (C:0x280)+(A:0x280)*B.
DSP Report: operator add_write1 is absorbed into DSP add_write1.
DSP Report: operator add_write2 is absorbed into DSP add_write1.
DSP Report: Generating DSP add_write1, operation Mode is: (A:0x280)*B2.
DSP Report: register row_reg is absorbed into DSP add_write1.
DSP Report: operator add_write1 is absorbed into DSP add_write1.
DSP Report: Generating DSP add_read0, operation Mode is: C'+(A:0x140)*B.
DSP Report: register col_reg is absorbed into DSP add_read0.
DSP Report: operator add_read0 is absorbed into DSP add_read0.
DSP Report: operator add_read1 is absorbed into DSP add_read0.
DSP Report: Generating DSP add_read0, operation Mode is: (A:0x140)*B.
DSP Report: operator add_read0 is absorbed into DSP add_read0.
DSP Report: Generating DSP add_read1, operation Mode is: C'+(A:0x140)*B2.
DSP Report: register row_reg is absorbed into DSP add_read1.
DSP Report: register col_reg is absorbed into DSP add_read1.
DSP Report: operator add_read1 is absorbed into DSP add_read1.
DSP Report: operator add_read2 is absorbed into DSP add_read1.
DSP Report: Generating DSP add_read0, operation Mode is: (A:0x140)*B+1.
DSP Report: operator add_read0 is absorbed into DSP add_read0.
DSP Report: operator add_read0 is absorbed into DSP add_read0.
INFO: [Synth 8-3333] propagating constant 1 across sequential element (U0/write_enable_reg)
---------------------------------------------------------------------------------
Finished Cross Boundary and Area Optimization : Time (s): cpu = 00:00:20 ; elapsed = 00:00:21 . Memory (MB): peak = 1213.484 ; gain = 442.352
---------------------------------------------------------------------------------
---------------------------------------------------------------------------------
Start ROM, RAM, DSP and Shift Register Reporting
---------------------------------------------------------------------------------

DSP: Preliminary Mapping	Report (see note below)
+---------------------------+-----------------------+--------+--------+--------+--------+--------+------+------+------+------+-------+------+------+
|Module Name                | DSP Mapping           | A Size | B Size | C Size | D Size | P Size | AREG | BREG | CREG | DREG | ADREG | MREG | PREG | 
+---------------------------+-----------------------+--------+--------+--------+--------+--------+------+------+------+------+-------+------+------+
|BILINEAR_INTERPOLATION_TOP | C'+(A:0x280)*B2       | 19     | 10     | 11     | -      | 19     | 0    | 1    | 1    | -    | -     | 0    | 0    | 
|BILINEAR_INTERPOLATION_TOP | (C:0x280)+(A:0x280)*B | 19     | 10     | 19     | -      | 19     | 0    | 0    | 0    | -    | -     | 0    | 0    | 
|BILINEAR_INTERPOLATION_TOP | (A:0x280)*B2          | 19     | 10     | -      | -      | 29     | 0    | 1    | -    | -    | -     | 0    | 0    | 
|BILINEAR_INTERPOLATION_TOP | C'+(A:0x140)*B        | 8      | 17     | 9      | -      | 17     | 0    | 0    | 1    | -    | -     | 0    | 0    | 
|BILINEAR_INTERPOLATION_TOP | (A:0x140)*B           | 8      | 17     | -      | -      | 25     | 0    | 0    | -    | -    | -     | 0    | 0    | 
|BILINEAR_INTERPOLATION_TOP | C'+(A:0x140)*B2       | 8      | 17     | 9      | -      | 17     | 1    | 0    | 1    | -    | -     | 0    | 0    | 
|BILINEAR_INTERPOLATION_TOP | (A:0x140)*B+1         | 8      | 17     | -      | -      | 17     | 0    | 0    | -    | -    | -     | 0    | 0    | 
+---------------------------+-----------------------+--------+--------+--------+--------+--------+------+------+------+------+-------+------+------+

Note: The table above is a preliminary report that shows the DSPs inferred at the current stage of the synthesis flow. Some DSP may be reimplemented as non DSP primitives later in the synthesis flow. Multiple instantiated DSPs are reported only once.
---------------------------------------------------------------------------------
Finished ROM, RAM, DSP and Shift Register Reporting
---------------------------------------------------------------------------------

Report RTL Partitions: 
+-+--------------+------------+----------+
| |RTL Partition |Replication |Instances |
+-+--------------+------------+----------+
+-+--------------+------------+----------+
---------------------------------------------------------------------------------
Start Applying XDC Timing Constraints
---------------------------------------------------------------------------------
---------------------------------------------------------------------------------
Finished Applying XDC Timing Constraints : Time (s): cpu = 00:00:27 ; elapsed = 00:00:28 . Memory (MB): peak = 1225.867 ; gain = 454.734
---------------------------------------------------------------------------------
---------------------------------------------------------------------------------
Start Timing Optimization
---------------------------------------------------------------------------------
---------------------------------------------------------------------------------
Finished Timing Optimization : Time (s): cpu = 00:00:27 ; elapsed = 00:00:28 . Memory (MB): peak = 1227.102 ; gain = 455.969
---------------------------------------------------------------------------------

Report RTL Partitions: 
+-+--------------+------------+----------+
| |RTL Partition |Replication |Instances |
+-+--------------+------------+----------+
+-+--------------+------------+----------+
---------------------------------------------------------------------------------
Start Technology Mapping
---------------------------------------------------------------------------------
---------------------------------------------------------------------------------
Finished Technology Mapping : Time (s): cpu = 00:00:27 ; elapsed = 00:00:28 . Memory (MB): peak = 1269.164 ; gain = 498.031
---------------------------------------------------------------------------------

Report RTL Partitions: 
+-+--------------+------------+----------+
| |RTL Partition |Replication |Instances |
+-+--------------+------------+----------+
+-+--------------+------------+----------+
---------------------------------------------------------------------------------
Start IO Insertion
---------------------------------------------------------------------------------
---------------------------------------------------------------------------------
Start Flattening Before IO Insertion
---------------------------------------------------------------------------------
---------------------------------------------------------------------------------
Finished Flattening Before IO Insertion
---------------------------------------------------------------------------------
---------------------------------------------------------------------------------
Start Final Netlist Cleanup
---------------------------------------------------------------------------------
---------------------------------------------------------------------------------
Finished Final Netlist Cleanup
---------------------------------------------------------------------------------
---------------------------------------------------------------------------------
Finished IO Insertion : Time (s): cpu = 00:00:30 ; elapsed = 00:00:30 . Memory (MB): peak = 1274.484 ; gain = 503.352
---------------------------------------------------------------------------------
---------------------------------------------------------------------------------
Start Renaming Generated Instances
---------------------------------------------------------------------------------
---------------------------------------------------------------------------------
Finished Renaming Generated Instances : Time (s): cpu = 00:00:30 ; elapsed = 00:00:30 . Memory (MB): peak = 1274.484 ; gain = 503.352
---------------------------------------------------------------------------------

Report RTL Partitions: 
+-+--------------+------------+----------+
| |RTL Partition |Replication |Instances |
+-+--------------+------------+----------+
+-+--------------+------------+----------+

Report Check Netlist: 
+------+------------------+-------+---------+-------+------------------+
|      |Item              |Errors |Warnings |Status |Description       |
+------+------------------+-------+---------+-------+------------------+
|1     |multi_driven_nets |      0|        0|Passed |Multi driven nets |
+------+------------------+-------+---------+-------+------------------+
---------------------------------------------------------------------------------
Start Rebuilding User Hierarchy
---------------------------------------------------------------------------------
---------------------------------------------------------------------------------
Finished Rebuilding User Hierarchy : Time (s): cpu = 00:00:30 ; elapsed = 00:00:30 . Memory (MB): peak = 1274.484 ; gain = 503.352
---------------------------------------------------------------------------------
---------------------------------------------------------------------------------
Start Renaming Generated Ports
---------------------------------------------------------------------------------
---------------------------------------------------------------------------------
Finished Renaming Generated Ports : Time (s): cpu = 00:00:30 ; elapsed = 00:00:30 . Memory (MB): peak = 1274.484 ; gain = 503.352
---------------------------------------------------------------------------------
---------------------------------------------------------------------------------
Start Handling Custom Attributes
---------------------------------------------------------------------------------
---------------------------------------------------------------------------------
Finished Handling Custom Attributes : Time (s): cpu = 00:00:30 ; elapsed = 00:00:31 . Memory (MB): peak = 1274.484 ; gain = 503.352
---------------------------------------------------------------------------------
---------------------------------------------------------------------------------
Start Renaming Generated Nets
---------------------------------------------------------------------------------
---------------------------------------------------------------------------------
Finished Renaming Generated Nets : Time (s): cpu = 00:00:30 ; elapsed = 00:00:31 . Memory (MB): peak = 1274.484 ; gain = 503.352
---------------------------------------------------------------------------------
---------------------------------------------------------------------------------
Start Writing Synthesis Report
---------------------------------------------------------------------------------

Report BlackBoxes: 
+-+--------------+----------+
| |BlackBox name |Instances |
+-+--------------+----------+
+-+--------------+----------+

Report Cell Usage: 
+------+----------+------+
|      |Cell      |Count |
+------+----------+------+
|1     |CARRY4    |   208|
|2     |DSP48E1   |     2|
|3     |DSP48E1_1 |     1|
|4     |DSP48E1_2 |     3|
|5     |DSP48E1_3 |     1|
|6     |LUT1      |    27|
|7     |LUT2      |   326|
|8     |LUT3      |   182|
|9     |LUT4      |   262|
|10    |LUT5      |   231|
|11    |LUT6      |   310|
|12    |MUXF7     |    12|
|13    |FDRE      |   115|
+------+----------+------+

Report Instance Areas: 
+------+---------+---------------------------+------+
|      |Instance |Module                     |Cells |
+------+---------+---------------------------+------+
|1     |top      |                           |  1680|
|2     |  U0     |BILINEAR_INTERPOLATION_TOP |  1368|
+------+---------+---------------------------+------+
---------------------------------------------------------------------------------
Finished Writing Synthesis Report : Time (s): cpu = 00:00:30 ; elapsed = 00:00:31 . Memory (MB): peak = 1274.484 ; gain = 503.352
---------------------------------------------------------------------------------
Synthesis finished with 0 errors, 0 critical warnings and 0 warnings.
Synthesis Optimization Runtime : Time (s): cpu = 00:00:25 ; elapsed = 00:00:29 . Memory (MB): peak = 1274.484 ; gain = 418.742
Synthesis Optimization Complete : Time (s): cpu = 00:00:30 ; elapsed = 00:00:31 . Memory (MB): peak = 1274.484 ; gain = 503.352
INFO: [Project 1-571] Translating synthesized netlist
Netlist sorting complete. Time (s): cpu = 00:00:00 ; elapsed = 00:00:00.012 . Memory (MB): peak = 1286.719 ; gain = 0.000
INFO: [Netlist 29-17] Analyzing 227 Unisim elements for replacement
INFO: [Netlist 29-28] Unisim Transformation completed in 0 CPU seconds
WARNING: [Netlist 29-101] Netlist 'design_1_BILINEAR_INTERPOLATI_0_0' is not ideal for floorplanning, since the cellview 'BILINEAR_INTERPOLATION_TOP' contains a large number of primitives.  Please consider enabling hierarchy in synthesis if you want to do floorplanning.
INFO: [Project 1-570] Preparing netlist for logic optimization
INFO: [Opt 31-138] Pushed 0 inverter(s) to 0 load pin(s).
Netlist sorting complete. Time (s): cpu = 00:00:00 ; elapsed = 00:00:00 . Memory (MB): peak = 1288.359 ; gain = 0.000
INFO: [Project 1-111] Unisim Transformation Summary:
No Unisim elements were transformed.

INFO: [Common 17-83] Releasing license: Synthesis
34 Infos, 3 Warnings, 0 Critical Warnings and 0 Errors encountered.
synth_design completed successfully
synth_design: Time (s): cpu = 00:00:33 ; elapsed = 00:00:35 . Memory (MB): peak = 1288.359 ; gain = 805.840
Netlist sorting complete. Time (s): cpu = 00:00:00 ; elapsed = 00:00:00 . Memory (MB): peak = 1288.359 ; gain = 0.000
WARNING: [Constraints 18-5210] No constraints selected for write.
Resolution: This message can indicate that there are no constraints for the design, or it can indicate that the used_in flags are set such that the constraints are ignored. This later case is used when running synth_design to not write synthesis constraints to the resulting checkpoint. Instead, project constraints are read when the synthesized design is opened.
INFO: [Common 17-1381] The checkpoint 'C:/Users/idowe/Projects/Digital-Zoom-FPGA/OV7670_VGA/OV7670_VGA.runs/design_1_BILINEAR_INTERPOLATI_0_0_synth_1/design_1_BILINEAR_INTERPOLATI_0_0.dcp' has been generated.
WARNING: [Common 17-576] 'use_project_ipc' is deprecated. This option is deprecated and no longer used.
Netlist sorting complete. Time (s): cpu = 00:00:00 ; elapsed = 00:00:00 . Memory (MB): peak = 1288.359 ; gain = 0.000
WARNING: [Constraints 18-5210] No constraints selected for write.
Resolution: This message can indicate that there are no constraints for the design, or it can indicate that the used_in flags are set such that the constraints are ignored. This later case is used when running synth_design to not write synthesis constraints to the resulting checkpoint. Instead, project constraints are read when the synthesized design is opened.
INFO: [Common 17-1381] The checkpoint 'C:/Users/idowe/Projects/Digital-Zoom-FPGA/OV7670_VGA/OV7670_VGA.runs/design_1_BILINEAR_INTERPOLATI_0_0_synth_1/design_1_BILINEAR_INTERPOLATI_0_0.dcp' has been generated.
INFO: [runtcl-4] Executing : report_utilization -file design_1_BILINEAR_INTERPOLATI_0_0_utilization_synth.rpt -pb design_1_BILINEAR_INTERPOLATI_0_0_utilization_synth.pb
INFO: [Common 17-206] Exiting Vivado at Sun May 18 17:44:07 2025...
